<testsuites id="" name="" tests="132" failures="26" skipped="0" errors="0" time="153.44008099999996">
<testsuite name="application.spec.js" timestamp="2025-07-13T11:48:09.361Z" hostname="chromium" tests="8" failures="3" skipped="0" time="39.886" errors="0">
<testcase name="ResearchHub Application Tests â€º Homepage loads successfully" classname="application.spec.js" time="4.962">
<system-out>
<![CDATA[âœ… Homepage loaded successfully
]]>
</system-out>
</testcase>
<testcase name="ResearchHub Application Tests â€º Navigation elements are present" classname="application.spec.js" time="4.264">
<failure message="application.spec.js:19:3 Navigation elements are present" type="FAILURE">
<![CDATA[  [chromium] â€º application.spec.js:19:3 â€º ResearchHub Application Tests â€º Navigation elements are present 

    Error: expect.toBeVisible: Error: strict mode violation: locator('nav, [role="navigation"], header') resolved to 2 elements:
        1) <header class="bg-white/80 backdrop-blur-md shadow-sm border-b border-white/20 sticky top-0 z-50">â€¦</header> aka getByRole('banner')
        2) <nav class="hidden md:flex space-x-8">â€¦</nav> aka getByText('HomeFeaturesPricingAbout')

    Call log:
      - Expect "toBeVisible" with timeout 5000ms
      - waiting for locator('nav, [role="navigation"], header')


      23 |     // Look for common navigation elements
      24 |     const navigation = page.locator('nav, [role="navigation"], header');
    > 25 |     await expect(navigation).toBeVisible();
         |                              ^
      26 |     
      27 |     console.log('âœ… Navigation elements found');
      28 |   });
        at D:\MAMP\AfakarM\testing\playwright-mcp\application.spec.js:25:30

    attachment #1: screenshot (image/png) â”€â”€â”€â”€â”€â”€â”€â”€â”€â”€â”€â”€â”€â”€â”€â”€â”€â”€â”€â”€â”€â”€â”€â”€â”€â”€â”€â”€â”€â”€â”€â”€â”€â”€â”€â”€â”€â”€â”€â”€â”€â”€â”€â”€â”€â”€â”€â”€â”€â”€â”€â”€â”€â”€â”€â”€â”€â”€
    test-results\application-ResearchHub-Ap-a289a-gation-elements-are-present-chromium\test-failed-1.png
    â”€â”€â”€â”€â”€â”€â”€â”€â”€â”€â”€â”€â”€â”€â”€â”€â”€â”€â”€â”€â”€â”€â”€â”€â”€â”€â”€â”€â”€â”€â”€â”€â”€â”€â”€â”€â”€â”€â”€â”€â”€â”€â”€â”€â”€â”€â”€â”€â”€â”€â”€â”€â”€â”€â”€â”€â”€â”€â”€â”€â”€â”€â”€â”€â”€â”€â”€â”€â”€â”€â”€â”€â”€â”€â”€â”€â”€â”€â”€â”€â”€â”€â”€â”€â”€â”€â”€â”€â”€â”€â”€â”€â”€â”€â”€â”€

    attachment #2: video (video/webm) â”€â”€â”€â”€â”€â”€â”€â”€â”€â”€â”€â”€â”€â”€â”€â”€â”€â”€â”€â”€â”€â”€â”€â”€â”€â”€â”€â”€â”€â”€â”€â”€â”€â”€â”€â”€â”€â”€â”€â”€â”€â”€â”€â”€â”€â”€â”€â”€â”€â”€â”€â”€â”€â”€â”€â”€â”€â”€â”€â”€â”€â”€
    test-results\application-ResearchHub-Ap-a289a-gation-elements-are-present-chromium\video.webm
    â”€â”€â”€â”€â”€â”€â”€â”€â”€â”€â”€â”€â”€â”€â”€â”€â”€â”€â”€â”€â”€â”€â”€â”€â”€â”€â”€â”€â”€â”€â”€â”€â”€â”€â”€â”€â”€â”€â”€â”€â”€â”€â”€â”€â”€â”€â”€â”€â”€â”€â”€â”€â”€â”€â”€â”€â”€â”€â”€â”€â”€â”€â”€â”€â”€â”€â”€â”€â”€â”€â”€â”€â”€â”€â”€â”€â”€â”€â”€â”€â”€â”€â”€â”€â”€â”€â”€â”€â”€â”€â”€â”€â”€â”€â”€â”€

    Error Context: ..\..\test-results\application-ResearchHub-Ap-a289a-gation-elements-are-present-chromium\error-context.md
]]>
</failure>
<system-out>
<![CDATA[
[[ATTACHMENT|..\..\test-results\application-ResearchHub-Ap-a289a-gation-elements-are-present-chromium\test-failed-1.png]]

[[ATTACHMENT|..\..\test-results\application-ResearchHub-Ap-a289a-gation-elements-are-present-chromium\video.webm]]

[[ATTACHMENT|..\..\test-results\application-ResearchHub-Ap-a289a-gation-elements-are-present-chromium\error-context.md]]
]]>
</system-out>
</testcase>
<testcase name="ResearchHub Application Tests â€º Login page is accessible" classname="application.spec.js" time="3.752">
<system-out>
<![CDATA[âœ… Login page accessible
]]>
</system-out>
</testcase>
<testcase name="ResearchHub Application Tests â€º Register page is accessible" classname="application.spec.js" time="3.807">
<system-out>
<![CDATA[âœ… Register page accessible
]]>
</system-out>
</testcase>
<testcase name="ResearchHub Application Tests â€º API health check" classname="application.spec.js" time="0.097">
<failure message="application.spec.js:55:3 API health check" type="FAILURE">
<![CDATA[  [chromium] â€º application.spec.js:55:3 â€º ResearchHub Application Tests â€º API health check â”€â”€â”€â”€â”€â”€â”€â”€â”€

    Error: expect(received).toBe(expected) // Object.is equality

    Expected: "healthy"
    Received: "operational"

      58 |     
      59 |     const body = await response.json();
    > 60 |     expect(body.status).toBe('healthy');
         |                         ^
      61 |     
      62 |     console.log('âœ… API health check passed');
      63 |   });
        at D:\MAMP\AfakarM\testing\playwright-mcp\application.spec.js:60:25
]]>
</failure>
</testcase>
<testcase name="ResearchHub Application Tests â€º Studies page is accessible" classname="application.spec.js" time="9.669">
<failure message="application.spec.js:65:3 Studies page is accessible" type="FAILURE">
<![CDATA[  [chromium] â€º application.spec.js:65:3 â€º ResearchHub Application Tests â€º Studies page is accessible 

    Error: Timed out 5000ms waiting for expect(locator).toBeVisible()

    Locator: locator('h1, h2, [data-testid="studies"], .studies').first()
    Expected: visible
    Received: <element(s) not found>
    Call log:
      - Expect "toBeVisible" with timeout 5000ms
      - waiting for locator('h1, h2, [data-testid="studies"], .studies').first()


      69 |     // Should not throw an error
      70 |     const heading = page.locator('h1, h2, [data-testid="studies"], .studies');
    > 71 |     await expect(heading.first()).toBeVisible();
         |                                   ^
      72 |     
      73 |     console.log('âœ… Studies page accessible');
      74 |   });
        at D:\MAMP\AfakarM\testing\playwright-mcp\application.spec.js:71:35

    attachment #1: screenshot (image/png) â”€â”€â”€â”€â”€â”€â”€â”€â”€â”€â”€â”€â”€â”€â”€â”€â”€â”€â”€â”€â”€â”€â”€â”€â”€â”€â”€â”€â”€â”€â”€â”€â”€â”€â”€â”€â”€â”€â”€â”€â”€â”€â”€â”€â”€â”€â”€â”€â”€â”€â”€â”€â”€â”€â”€â”€â”€â”€
    test-results\application-ResearchHub-Ap-3451b--Studies-page-is-accessible-chromium\test-failed-1.png
    â”€â”€â”€â”€â”€â”€â”€â”€â”€â”€â”€â”€â”€â”€â”€â”€â”€â”€â”€â”€â”€â”€â”€â”€â”€â”€â”€â”€â”€â”€â”€â”€â”€â”€â”€â”€â”€â”€â”€â”€â”€â”€â”€â”€â”€â”€â”€â”€â”€â”€â”€â”€â”€â”€â”€â”€â”€â”€â”€â”€â”€â”€â”€â”€â”€â”€â”€â”€â”€â”€â”€â”€â”€â”€â”€â”€â”€â”€â”€â”€â”€â”€â”€â”€â”€â”€â”€â”€â”€â”€â”€â”€â”€â”€â”€â”€

    attachment #2: video (video/webm) â”€â”€â”€â”€â”€â”€â”€â”€â”€â”€â”€â”€â”€â”€â”€â”€â”€â”€â”€â”€â”€â”€â”€â”€â”€â”€â”€â”€â”€â”€â”€â”€â”€â”€â”€â”€â”€â”€â”€â”€â”€â”€â”€â”€â”€â”€â”€â”€â”€â”€â”€â”€â”€â”€â”€â”€â”€â”€â”€â”€â”€â”€
    test-results\application-ResearchHub-Ap-3451b--Studies-page-is-accessible-chromium\video.webm
    â”€â”€â”€â”€â”€â”€â”€â”€â”€â”€â”€â”€â”€â”€â”€â”€â”€â”€â”€â”€â”€â”€â”€â”€â”€â”€â”€â”€â”€â”€â”€â”€â”€â”€â”€â”€â”€â”€â”€â”€â”€â”€â”€â”€â”€â”€â”€â”€â”€â”€â”€â”€â”€â”€â”€â”€â”€â”€â”€â”€â”€â”€â”€â”€â”€â”€â”€â”€â”€â”€â”€â”€â”€â”€â”€â”€â”€â”€â”€â”€â”€â”€â”€â”€â”€â”€â”€â”€â”€â”€â”€â”€â”€â”€â”€â”€
]]>
</failure>
<system-out>
<![CDATA[
[[ATTACHMENT|..\..\test-results\application-ResearchHub-Ap-3451b--Studies-page-is-accessible-chromium\test-failed-1.png]]

[[ATTACHMENT|..\..\test-results\application-ResearchHub-Ap-3451b--Studies-page-is-accessible-chromium\video.webm]]
]]>
</system-out>
</testcase>
<testcase name="ResearchHub Application Tests â€º Application has no console errors" classname="application.spec.js" time="5.979">
<system-out>
<![CDATA[âœ… No critical console errors
]]>
</system-out>
</testcase>
<testcase name="ResearchHub Application Tests â€º Responsive design check" classname="application.spec.js" time="7.356">
<system-out>
<![CDATA[âœ… Responsive design screenshots captured
]]>
</system-out>
</testcase>
</testsuite>
<testsuite name="cross-browser-tests.spec.js" timestamp="2025-07-13T11:48:09.361Z" hostname="chromium" tests="8" failures="0" skipped="0" time="35.586" errors="0">
<testcase name="Cross-Browser Compatibility â€º Homepage renders correctly across browsers" classname="cross-browser-tests.spec.js" time="3.727">
<system-out>
<![CDATA[âœ… chromium: Homepage renders correctly
]]>
</system-out>
</testcase>
<testcase name="Cross-Browser Compatibility â€º Navigation works across browsers" classname="cross-browser-tests.spec.js" time="2.848">
<system-out>
<![CDATA[âœ… chromium: Navigation to / successful
âœ… chromium: Navigation test completed
]]>
</system-out>
</testcase>
<testcase name="Cross-Browser Compatibility â€º Forms work across browsers" classname="cross-browser-tests.spec.js" time="2.891">
<system-out>
<![CDATA[âœ… chromium: Form test completed
]]>
</system-out>
</testcase>
<testcase name="Responsive Design Testing â€º Layout works on Mobile" classname="cross-browser-tests.spec.js" time="6.277">
<system-out>
<![CDATA[âœ… Mobile (375x667): Layout test passed
]]>
</system-out>
</testcase>
<testcase name="Responsive Design Testing â€º Layout works on Tablet" classname="cross-browser-tests.spec.js" time="4.668">
<system-out>
<![CDATA[âœ… Tablet (768x1024): Layout test passed
]]>
</system-out>
</testcase>
<testcase name="Responsive Design Testing â€º Layout works on Desktop" classname="cross-browser-tests.spec.js" time="6.205">
<system-out>
<![CDATA[âœ… Desktop (1280x720): Layout test passed
]]>
</system-out>
</testcase>
<testcase name="Responsive Design Testing â€º Layout works on Large Desktop" classname="cross-browser-tests.spec.js" time="6.212">
<system-out>
<![CDATA[âœ… Large Desktop (1920x1080): Layout test passed
]]>
</system-out>
</testcase>
<testcase name="Responsive Design Testing â€º Mobile navigation works" classname="cross-browser-tests.spec.js" time="2.758">
<system-out>
<![CDATA[âœ… Mobile navigation test completed (menu found: false)
]]>
</system-out>
</testcase>
</testsuite>
<testsuite name="mcp-integration-test.spec.js" timestamp="2025-07-13T11:48:09.361Z" hostname="chromium" tests="2" failures="0" skipped="0" time="7.449" errors="0">
<testcase name="Playwright MCP Integration Test â€º should be able to navigate to ResearchHub homepage" classname="mcp-integration-test.spec.js" time="4.893">
<system-out>
<![CDATA[Page title: Afkar - User Testing Research Platform
âœ… Playwright MCP integration test completed successfully
]]>
</system-out>
</testcase>
<testcase name="Playwright MCP Integration Test â€º should be able to interact with navigation elements" classname="mcp-integration-test.spec.js" time="2.556">
<system-out>
<![CDATA[Found 2 navigation elements
âœ… Navigation interaction test passed
]]>
</system-out>
</testcase>
</testsuite>
<testsuite name="researcher-participant-workflow.spec.js" timestamp="2025-07-13T11:48:09.361Z" hostname="chromium" tests="2" failures="2" skipped="0" time="31.704" errors="0">
<testcase name="Complete Researcher â†’ Participant Workflow â€º Full workflow: Create study â†’ Participant completes â†’ View results" classname="researcher-participant-workflow.spec.js" time="26.304">
<failure message="researcher-participant-workflow.spec.js:50:3 Full workflow: Create study â†’ Participant completes â†’ View results" type="FAILURE">
<![CDATA[  [chromium] â€º researcher-participant-workflow.spec.js:50:3 â€º Complete Researcher â†’ Participant Workflow â€º Full workflow: Create study â†’ Participant completes â†’ View results 

    Error: expect(received).toBeTruthy()

    Received: undefined

      499 |     
      500 |     // Validate the complete workflow
    > 501 |     expect(authResult.success).toBeTruthy();
          |                                ^
      502 |     expect(participantAuthResult.success).toBeTruthy();
      503 |     expect(studyTitle).toBeTruthy();
      504 |     
        at D:\MAMP\AfakarM\testing\playwright-mcp\researcher-participant-workflow.spec.js:501:32

    attachment #1: screenshot (image/png) â”€â”€â”€â”€â”€â”€â”€â”€â”€â”€â”€â”€â”€â”€â”€â”€â”€â”€â”€â”€â”€â”€â”€â”€â”€â”€â”€â”€â”€â”€â”€â”€â”€â”€â”€â”€â”€â”€â”€â”€â”€â”€â”€â”€â”€â”€â”€â”€â”€â”€â”€â”€â”€â”€â”€â”€â”€â”€
    test-results\researcher-participant-wor-b9720-nt-completes-â†’-View-results-chromium\test-failed-1.png
    â”€â”€â”€â”€â”€â”€â”€â”€â”€â”€â”€â”€â”€â”€â”€â”€â”€â”€â”€â”€â”€â”€â”€â”€â”€â”€â”€â”€â”€â”€â”€â”€â”€â”€â”€â”€â”€â”€â”€â”€â”€â”€â”€â”€â”€â”€â”€â”€â”€â”€â”€â”€â”€â”€â”€â”€â”€â”€â”€â”€â”€â”€â”€â”€â”€â”€â”€â”€â”€â”€â”€â”€â”€â”€â”€â”€â”€â”€â”€â”€â”€â”€â”€â”€â”€â”€â”€â”€â”€â”€â”€â”€â”€â”€â”€â”€

    attachment #2: video (video/webm) â”€â”€â”€â”€â”€â”€â”€â”€â”€â”€â”€â”€â”€â”€â”€â”€â”€â”€â”€â”€â”€â”€â”€â”€â”€â”€â”€â”€â”€â”€â”€â”€â”€â”€â”€â”€â”€â”€â”€â”€â”€â”€â”€â”€â”€â”€â”€â”€â”€â”€â”€â”€â”€â”€â”€â”€â”€â”€â”€â”€â”€â”€
    test-results\researcher-participant-wor-b9720-nt-completes-â†’-View-results-chromium\video.webm
    â”€â”€â”€â”€â”€â”€â”€â”€â”€â”€â”€â”€â”€â”€â”€â”€â”€â”€â”€â”€â”€â”€â”€â”€â”€â”€â”€â”€â”€â”€â”€â”€â”€â”€â”€â”€â”€â”€â”€â”€â”€â”€â”€â”€â”€â”€â”€â”€â”€â”€â”€â”€â”€â”€â”€â”€â”€â”€â”€â”€â”€â”€â”€â”€â”€â”€â”€â”€â”€â”€â”€â”€â”€â”€â”€â”€â”€â”€â”€â”€â”€â”€â”€â”€â”€â”€â”€â”€â”€â”€â”€â”€â”€â”€â”€â”€

    Error Context: ..\..\test-results\researcher-participant-wor-b9720-nt-completes-â†’-View-results-chromium\error-context.md
]]>
</failure>
<system-out>
<![CDATA[ðŸš€ Starting complete researcher-participant workflow test...
ðŸ“ Step 1: Researcher Authentication
âœ… Researcher authentication result: { error: [32m'Failed to fetch'[39m }
ðŸ“š Step 2: Create New Study
âœ… Clicked create study button: button:has-text("Create Study")
âœï¸ Step 3: Fill Study Details
ðŸ§© Step 4: Add Study Blocks
ðŸ’¾ Step 5: Save and Publish Study
ðŸ” Step 6: Get Study ID
ðŸ“‹ Study ID: null
ðŸ“‹ Study Title: Test Study - 2025-07-13T11:48
ðŸ‘¤ Step 7: Switch to Participant
âœ… Participant authentication result: { error: [32m'Failed to fetch'[39m }
ðŸ“ Step 8: Participant Applies to Study
âœ… Step 9: Participant Completes Study
ðŸ“Š Step 10: Researcher Views Results
ðŸŽ¯ Final Validation

[[ATTACHMENT|..\..\test-results\researcher-participant-wor-b9720-nt-completes-â†’-View-results-chromium\test-failed-1.png]]

[[ATTACHMENT|..\..\test-results\researcher-participant-wor-b9720-nt-completes-â†’-View-results-chromium\video.webm]]

[[ATTACHMENT|..\..\test-results\researcher-participant-wor-b9720-nt-completes-â†’-View-results-chromium\error-context.md]]
]]>
</system-out>
</testcase>
<testcase name="Complete Researcher â†’ Participant Workflow â€º API-based workflow validation" classname="researcher-participant-workflow.spec.js" time="5.4">
<failure message="researcher-participant-workflow.spec.js:510:3 API-based workflow validation" type="FAILURE">
<![CDATA[  [chromium] â€º researcher-participant-workflow.spec.js:510:3 â€º Complete Researcher â†’ Participant Workflow â€º API-based workflow validation 

    Error: expect(received).toBeTruthy()

    Received: undefined

      539 |     console.log('ðŸ” API Test Results:', apiTests);
      540 |     
    > 541 |     expect(apiTests.health?.success).toBeTruthy();
          |                                      ^
      542 |     expect(apiTests.auth?.success).toBeTruthy();
      543 |   });
      544 | });
        at D:\MAMP\AfakarM\testing\playwright-mcp\researcher-participant-workflow.spec.js:541:38

    attachment #1: screenshot (image/png) â”€â”€â”€â”€â”€â”€â”€â”€â”€â”€â”€â”€â”€â”€â”€â”€â”€â”€â”€â”€â”€â”€â”€â”€â”€â”€â”€â”€â”€â”€â”€â”€â”€â”€â”€â”€â”€â”€â”€â”€â”€â”€â”€â”€â”€â”€â”€â”€â”€â”€â”€â”€â”€â”€â”€â”€â”€â”€
    test-results\researcher-participant-wor-ab7c3-I-based-workflow-validation-chromium\test-failed-1.png
    â”€â”€â”€â”€â”€â”€â”€â”€â”€â”€â”€â”€â”€â”€â”€â”€â”€â”€â”€â”€â”€â”€â”€â”€â”€â”€â”€â”€â”€â”€â”€â”€â”€â”€â”€â”€â”€â”€â”€â”€â”€â”€â”€â”€â”€â”€â”€â”€â”€â”€â”€â”€â”€â”€â”€â”€â”€â”€â”€â”€â”€â”€â”€â”€â”€â”€â”€â”€â”€â”€â”€â”€â”€â”€â”€â”€â”€â”€â”€â”€â”€â”€â”€â”€â”€â”€â”€â”€â”€â”€â”€â”€â”€â”€â”€â”€

    attachment #2: video (video/webm) â”€â”€â”€â”€â”€â”€â”€â”€â”€â”€â”€â”€â”€â”€â”€â”€â”€â”€â”€â”€â”€â”€â”€â”€â”€â”€â”€â”€â”€â”€â”€â”€â”€â”€â”€â”€â”€â”€â”€â”€â”€â”€â”€â”€â”€â”€â”€â”€â”€â”€â”€â”€â”€â”€â”€â”€â”€â”€â”€â”€â”€â”€
    test-results\researcher-participant-wor-ab7c3-I-based-workflow-validation-chromium\video.webm
    â”€â”€â”€â”€â”€â”€â”€â”€â”€â”€â”€â”€â”€â”€â”€â”€â”€â”€â”€â”€â”€â”€â”€â”€â”€â”€â”€â”€â”€â”€â”€â”€â”€â”€â”€â”€â”€â”€â”€â”€â”€â”€â”€â”€â”€â”€â”€â”€â”€â”€â”€â”€â”€â”€â”€â”€â”€â”€â”€â”€â”€â”€â”€â”€â”€â”€â”€â”€â”€â”€â”€â”€â”€â”€â”€â”€â”€â”€â”€â”€â”€â”€â”€â”€â”€â”€â”€â”€â”€â”€â”€â”€â”€â”€â”€â”€

    Error Context: ..\..\test-results\researcher-participant-wor-ab7c3-I-based-workflow-validation-chromium\error-context.md
]]>
</failure>
<system-out>
<![CDATA[ðŸ”§ Running API-based workflow validation...
ðŸ” API Test Results: { error: [32m'Failed to fetch'[39m }

[[ATTACHMENT|..\..\test-results\researcher-participant-wor-ab7c3-I-based-workflow-validation-chromium\test-failed-1.png]]

[[ATTACHMENT|..\..\test-results\researcher-participant-wor-ab7c3-I-based-workflow-validation-chromium\video.webm]]

[[ATTACHMENT|..\..\test-results\researcher-participant-wor-ab7c3-I-based-workflow-validation-chromium\error-context.md]]
]]>
</system-out>
</testcase>
</testsuite>
<testsuite name="study-creation-flow.spec.js" timestamp="2025-07-13T11:48:09.361Z" hostname="chromium" tests="6" failures="1" skipped="0" time="25.548" errors="0">
<testcase name="ResearchHub Study Creation Flow â€º Landing page loads correctly" classname="study-creation-flow.spec.js" time="3.86">
<failure message="study-creation-flow.spec.js:17:3 Landing page loads correctly" type="FAILURE">
<![CDATA[  [chromium] â€º study-creation-flow.spec.js:17:3 â€º ResearchHub Study Creation Flow â€º Landing page loads correctly 

    Error: expect(received).toBeTruthy()

    Received: false

      25 |     
      26 |     // One of these should be visible
    > 27 |     expect(hasLoginForm || hasDashboard).toBeTruthy();
         |                                          ^
      28 |     
      29 |     console.log('âœ… Landing page loaded successfully');
      30 |   });
        at D:\MAMP\AfakarM\testing\playwright-mcp\study-creation-flow.spec.js:27:42

    attachment #1: screenshot (image/png) â”€â”€â”€â”€â”€â”€â”€â”€â”€â”€â”€â”€â”€â”€â”€â”€â”€â”€â”€â”€â”€â”€â”€â”€â”€â”€â”€â”€â”€â”€â”€â”€â”€â”€â”€â”€â”€â”€â”€â”€â”€â”€â”€â”€â”€â”€â”€â”€â”€â”€â”€â”€â”€â”€â”€â”€â”€â”€
    test-results\study-creation-flow-Resear-fe87e-anding-page-loads-correctly-chromium\test-failed-1.png
    â”€â”€â”€â”€â”€â”€â”€â”€â”€â”€â”€â”€â”€â”€â”€â”€â”€â”€â”€â”€â”€â”€â”€â”€â”€â”€â”€â”€â”€â”€â”€â”€â”€â”€â”€â”€â”€â”€â”€â”€â”€â”€â”€â”€â”€â”€â”€â”€â”€â”€â”€â”€â”€â”€â”€â”€â”€â”€â”€â”€â”€â”€â”€â”€â”€â”€â”€â”€â”€â”€â”€â”€â”€â”€â”€â”€â”€â”€â”€â”€â”€â”€â”€â”€â”€â”€â”€â”€â”€â”€â”€â”€â”€â”€â”€â”€

    attachment #2: video (video/webm) â”€â”€â”€â”€â”€â”€â”€â”€â”€â”€â”€â”€â”€â”€â”€â”€â”€â”€â”€â”€â”€â”€â”€â”€â”€â”€â”€â”€â”€â”€â”€â”€â”€â”€â”€â”€â”€â”€â”€â”€â”€â”€â”€â”€â”€â”€â”€â”€â”€â”€â”€â”€â”€â”€â”€â”€â”€â”€â”€â”€â”€â”€
    test-results\study-creation-flow-Resear-fe87e-anding-page-loads-correctly-chromium\video.webm
    â”€â”€â”€â”€â”€â”€â”€â”€â”€â”€â”€â”€â”€â”€â”€â”€â”€â”€â”€â”€â”€â”€â”€â”€â”€â”€â”€â”€â”€â”€â”€â”€â”€â”€â”€â”€â”€â”€â”€â”€â”€â”€â”€â”€â”€â”€â”€â”€â”€â”€â”€â”€â”€â”€â”€â”€â”€â”€â”€â”€â”€â”€â”€â”€â”€â”€â”€â”€â”€â”€â”€â”€â”€â”€â”€â”€â”€â”€â”€â”€â”€â”€â”€â”€â”€â”€â”€â”€â”€â”€â”€â”€â”€â”€â”€â”€

    Error Context: ..\..\test-results\study-creation-flow-Resear-fe87e-anding-page-loads-correctly-chromium\error-context.md
]]>
</failure>
<system-out>
<![CDATA[
[[ATTACHMENT|..\..\test-results\study-creation-flow-Resear-fe87e-anding-page-loads-correctly-chromium\test-failed-1.png]]

[[ATTACHMENT|..\..\test-results\study-creation-flow-Resear-fe87e-anding-page-loads-correctly-chromium\video.webm]]

[[ATTACHMENT|..\..\test-results\study-creation-flow-Resear-fe87e-anding-page-loads-correctly-chromium\error-context.md]]
]]>
</system-out>
</testcase>
<testcase name="ResearchHub Study Creation Flow â€º Authentication flow works" classname="study-creation-flow.spec.js" time="3.011">
<system-out>
<![CDATA[âœ… Authentication successful
]]>
</system-out>
</testcase>
<testcase name="ResearchHub Study Creation Flow â€º Navigation to study creation" classname="study-creation-flow.spec.js" time="5.775">
<system-out>
<![CDATA[â„¹ï¸ No create button found - might be on a different page structure
âœ… Study creation navigation completed (creation interface: false)
]]>
</system-out>
</testcase>
<testcase name="ResearchHub Study Creation Flow â€º Basic UI elements are functional" classname="study-creation-flow.spec.js" time="5.817">
<system-out>
<![CDATA[âœ… UI elements are functional and responsive
]]>
</system-out>
</testcase>
<testcase name="ResearchHub Study Creation Flow â€º Error handling works" classname="study-creation-flow.spec.js" time="3.453">
<system-out>
<![CDATA[âœ… No login form found - skipping error test
]]>
</system-out>
</testcase>
<testcase name="ResearchHub Study Creation Flow â€º Performance test - page load times" classname="study-creation-flow.spec.js" time="3.632">
<system-out>
<![CDATA[âœ… Page load time: 904ms
]]>
</system-out>
</testcase>
</testsuite>
<testsuite name="visual-regression.spec.js" timestamp="2025-07-13T11:48:09.361Z" hostname="chromium" tests="7" failures="0" skipped="0" time="48.827" errors="0">
<testcase name="Visual Regression Testing â€º Homepage visual consistency" classname="visual-regression.spec.js" time="15.469">
<system-out>
<![CDATA[D:\MAMP\AfakarM\testing\playwright-mcp\visual-regression.spec.js-snapshots\homepage-full-chromium-win32.png is re-generated, writing actual.
âœ… Homepage visual regression test completed
]]>
</system-out>
</testcase>
<testcase name="Visual Regression Testing â€º Login form visual consistency" classname="visual-regression.spec.js" time="7.941">
<system-out>
<![CDATA[D:\MAMP\AfakarM\testing\playwright-mcp\visual-regression.spec.js-snapshots\main-content-chromium-win32.png is re-generated, writing actual.
âœ… Main content visual test completed
]]>
</system-out>
</testcase>
<testcase name="Visual Regression Testing â€º Navigation visual consistency" classname="visual-regression.spec.js" time="5.392">
<system-out>
<![CDATA[D:\MAMP\AfakarM\testing\playwright-mcp\visual-regression.spec.js-snapshots\navigation-chromium-win32.png is re-generated, writing actual.
âœ… Navigation visual test completed
]]>
</system-out>
</testcase>
<testcase name="Visual Regression Testing â€º Mobile layout visual consistency" classname="visual-regression.spec.js" time="9.251">
<system-out>
<![CDATA[D:\MAMP\AfakarM\testing\playwright-mcp\visual-regression.spec.js-snapshots\mobile-layout-chromium-win32.png is re-generated, writing actual.
âœ… Mobile layout visual test completed
]]>
</system-out>
</testcase>
<testcase name="Visual Regression Testing â€º Button states visual consistency" classname="visual-regression.spec.js" time="5.285">
<system-out>
<![CDATA[D:\MAMP\AfakarM\testing\playwright-mcp\visual-regression.spec.js-snapshots\button-normal-chromium-win32.png is re-generated, writing actual.
D:\MAMP\AfakarM\testing\playwright-mcp\visual-regression.spec.js-snapshots\button-hover-chromium-win32.png is re-generated, writing actual.
D:\MAMP\AfakarM\testing\playwright-mcp\visual-regression.spec.js-snapshots\button-focus-chromium-win32.png is re-generated, writing actual.
âœ… Button states visual test completed
]]>
</system-out>
</testcase>
<testcase name="Visual Regression Testing â€º Dark mode visual consistency" classname="visual-regression.spec.js" time="2.948">
<system-out>
<![CDATA[â„¹ï¸ No dark mode toggle found
]]>
</system-out>
</testcase>
<testcase name="Visual Regression Testing â€º Error states visual consistency" classname="visual-regression.spec.js" time="2.541">
<system-out>
<![CDATA[â„¹ï¸ No login form found to test error states
]]>
</system-out>
</testcase>
</testsuite>
<testsuite name="application.spec.js" timestamp="2025-07-13T11:48:09.361Z" hostname="firefox" tests="8" failures="3" skipped="0" time="65.857" errors="0">
<testcase name="ResearchHub Application Tests â€º Homepage loads successfully" classname="application.spec.js" time="8.61">
<system-out>
<![CDATA[âœ… Homepage loaded successfully
]]>
</system-out>
</testcase>
<testcase name="ResearchHub Application Tests â€º Navigation elements are present" classname="application.spec.js" time="7.575">
<failure message="application.spec.js:19:3 Navigation elements are present" type="FAILURE">
<![CDATA[  [firefox] â€º application.spec.js:19:3 â€º ResearchHub Application Tests â€º Navigation elements are present 

    Error: expect.toBeVisible: Error: strict mode violation: locator('nav, [role="navigation"], header') resolved to 2 elements:
        1) <header class="bg-white/80 backdrop-blur-md shadow-sm border-b border-white/20 sticky top-0 z-50">â€¦</header> aka getByRole('banner')
        2) <nav class="hidden md:flex space-x-8">â€¦</nav> aka getByText('HomeFeaturesPricingAbout')

    Call log:
      - Expect "toBeVisible" with timeout 5000ms
      - waiting for locator('nav, [role="navigation"], header')


      23 |     // Look for common navigation elements
      24 |     const navigation = page.locator('nav, [role="navigation"], header');
    > 25 |     await expect(navigation).toBeVisible();
         |                              ^
      26 |     
      27 |     console.log('âœ… Navigation elements found');
      28 |   });
        at D:\MAMP\AfakarM\testing\playwright-mcp\application.spec.js:25:30

    attachment #1: screenshot (image/png) â”€â”€â”€â”€â”€â”€â”€â”€â”€â”€â”€â”€â”€â”€â”€â”€â”€â”€â”€â”€â”€â”€â”€â”€â”€â”€â”€â”€â”€â”€â”€â”€â”€â”€â”€â”€â”€â”€â”€â”€â”€â”€â”€â”€â”€â”€â”€â”€â”€â”€â”€â”€â”€â”€â”€â”€â”€â”€
    test-results\application-ResearchHub-Ap-a289a-gation-elements-are-present-firefox\test-failed-1.png
    â”€â”€â”€â”€â”€â”€â”€â”€â”€â”€â”€â”€â”€â”€â”€â”€â”€â”€â”€â”€â”€â”€â”€â”€â”€â”€â”€â”€â”€â”€â”€â”€â”€â”€â”€â”€â”€â”€â”€â”€â”€â”€â”€â”€â”€â”€â”€â”€â”€â”€â”€â”€â”€â”€â”€â”€â”€â”€â”€â”€â”€â”€â”€â”€â”€â”€â”€â”€â”€â”€â”€â”€â”€â”€â”€â”€â”€â”€â”€â”€â”€â”€â”€â”€â”€â”€â”€â”€â”€â”€â”€â”€â”€â”€â”€â”€

    attachment #2: video (video/webm) â”€â”€â”€â”€â”€â”€â”€â”€â”€â”€â”€â”€â”€â”€â”€â”€â”€â”€â”€â”€â”€â”€â”€â”€â”€â”€â”€â”€â”€â”€â”€â”€â”€â”€â”€â”€â”€â”€â”€â”€â”€â”€â”€â”€â”€â”€â”€â”€â”€â”€â”€â”€â”€â”€â”€â”€â”€â”€â”€â”€â”€â”€
    test-results\application-ResearchHub-Ap-a289a-gation-elements-are-present-firefox\video.webm
    â”€â”€â”€â”€â”€â”€â”€â”€â”€â”€â”€â”€â”€â”€â”€â”€â”€â”€â”€â”€â”€â”€â”€â”€â”€â”€â”€â”€â”€â”€â”€â”€â”€â”€â”€â”€â”€â”€â”€â”€â”€â”€â”€â”€â”€â”€â”€â”€â”€â”€â”€â”€â”€â”€â”€â”€â”€â”€â”€â”€â”€â”€â”€â”€â”€â”€â”€â”€â”€â”€â”€â”€â”€â”€â”€â”€â”€â”€â”€â”€â”€â”€â”€â”€â”€â”€â”€â”€â”€â”€â”€â”€â”€â”€â”€â”€

    Error Context: ..\..\test-results\application-ResearchHub-Ap-a289a-gation-elements-are-present-firefox\error-context.md
]]>
</failure>
<system-out>
<![CDATA[
[[ATTACHMENT|..\..\test-results\application-ResearchHub-Ap-a289a-gation-elements-are-present-firefox\test-failed-1.png]]

[[ATTACHMENT|..\..\test-results\application-ResearchHub-Ap-a289a-gation-elements-are-present-firefox\video.webm]]

[[ATTACHMENT|..\..\test-results\application-ResearchHub-Ap-a289a-gation-elements-are-present-firefox\error-context.md]]
]]>
</system-out>
</testcase>
<testcase name="ResearchHub Application Tests â€º Login page is accessible" classname="application.spec.js" time="7.906">
<system-out>
<![CDATA[âœ… Login page accessible
]]>
</system-out>
</testcase>
<testcase name="ResearchHub Application Tests â€º Register page is accessible" classname="application.spec.js" time="7.645">
<system-out>
<![CDATA[âœ… Register page accessible
]]>
</system-out>
</testcase>
<testcase name="ResearchHub Application Tests â€º API health check" classname="application.spec.js" time="0.139">
<failure message="application.spec.js:55:3 API health check" type="FAILURE">
<![CDATA[  [firefox] â€º application.spec.js:55:3 â€º ResearchHub Application Tests â€º API health check â”€â”€â”€â”€â”€â”€â”€â”€â”€â”€

    Error: expect(received).toBe(expected) // Object.is equality

    Expected: "healthy"
    Received: "operational"

      58 |     
      59 |     const body = await response.json();
    > 60 |     expect(body.status).toBe('healthy');
         |                         ^
      61 |     
      62 |     console.log('âœ… API health check passed');
      63 |   });
        at D:\MAMP\AfakarM\testing\playwright-mcp\application.spec.js:60:25
]]>
</failure>
</testcase>
<testcase name="ResearchHub Application Tests â€º Studies page is accessible" classname="application.spec.js" time="11.912">
<failure message="application.spec.js:65:3 Studies page is accessible" type="FAILURE">
<![CDATA[  [firefox] â€º application.spec.js:65:3 â€º ResearchHub Application Tests â€º Studies page is accessible 

    Error: Timed out 5000ms waiting for expect(locator).toBeVisible()

    Locator: locator('h1, h2, [data-testid="studies"], .studies').first()
    Expected: visible
    Received: <element(s) not found>
    Call log:
      - Expect "toBeVisible" with timeout 5000ms
      - waiting for locator('h1, h2, [data-testid="studies"], .studies').first()


      69 |     // Should not throw an error
      70 |     const heading = page.locator('h1, h2, [data-testid="studies"], .studies');
    > 71 |     await expect(heading.first()).toBeVisible();
         |                                   ^
      72 |     
      73 |     console.log('âœ… Studies page accessible');
      74 |   });
        at D:\MAMP\AfakarM\testing\playwright-mcp\application.spec.js:71:35

    attachment #1: screenshot (image/png) â”€â”€â”€â”€â”€â”€â”€â”€â”€â”€â”€â”€â”€â”€â”€â”€â”€â”€â”€â”€â”€â”€â”€â”€â”€â”€â”€â”€â”€â”€â”€â”€â”€â”€â”€â”€â”€â”€â”€â”€â”€â”€â”€â”€â”€â”€â”€â”€â”€â”€â”€â”€â”€â”€â”€â”€â”€â”€
    test-results\application-ResearchHub-Ap-3451b--Studies-page-is-accessible-firefox\test-failed-1.png
    â”€â”€â”€â”€â”€â”€â”€â”€â”€â”€â”€â”€â”€â”€â”€â”€â”€â”€â”€â”€â”€â”€â”€â”€â”€â”€â”€â”€â”€â”€â”€â”€â”€â”€â”€â”€â”€â”€â”€â”€â”€â”€â”€â”€â”€â”€â”€â”€â”€â”€â”€â”€â”€â”€â”€â”€â”€â”€â”€â”€â”€â”€â”€â”€â”€â”€â”€â”€â”€â”€â”€â”€â”€â”€â”€â”€â”€â”€â”€â”€â”€â”€â”€â”€â”€â”€â”€â”€â”€â”€â”€â”€â”€â”€â”€â”€

    attachment #2: video (video/webm) â”€â”€â”€â”€â”€â”€â”€â”€â”€â”€â”€â”€â”€â”€â”€â”€â”€â”€â”€â”€â”€â”€â”€â”€â”€â”€â”€â”€â”€â”€â”€â”€â”€â”€â”€â”€â”€â”€â”€â”€â”€â”€â”€â”€â”€â”€â”€â”€â”€â”€â”€â”€â”€â”€â”€â”€â”€â”€â”€â”€â”€â”€
    test-results\application-ResearchHub-Ap-3451b--Studies-page-is-accessible-firefox\video.webm
    â”€â”€â”€â”€â”€â”€â”€â”€â”€â”€â”€â”€â”€â”€â”€â”€â”€â”€â”€â”€â”€â”€â”€â”€â”€â”€â”€â”€â”€â”€â”€â”€â”€â”€â”€â”€â”€â”€â”€â”€â”€â”€â”€â”€â”€â”€â”€â”€â”€â”€â”€â”€â”€â”€â”€â”€â”€â”€â”€â”€â”€â”€â”€â”€â”€â”€â”€â”€â”€â”€â”€â”€â”€â”€â”€â”€â”€â”€â”€â”€â”€â”€â”€â”€â”€â”€â”€â”€â”€â”€â”€â”€â”€â”€â”€â”€
]]>
</failure>
<system-out>
<![CDATA[
[[ATTACHMENT|..\..\test-results\application-ResearchHub-Ap-3451b--Studies-page-is-accessible-firefox\test-failed-1.png]]

[[ATTACHMENT|..\..\test-results\application-ResearchHub-Ap-3451b--Studies-page-is-accessible-firefox\video.webm]]
]]>
</system-out>
</testcase>
<testcase name="ResearchHub Application Tests â€º Application has no console errors" classname="application.spec.js" time="10.787">
<system-out>
<![CDATA[âœ… No critical console errors
]]>
</system-out>
</testcase>
<testcase name="ResearchHub Application Tests â€º Responsive design check" classname="application.spec.js" time="11.283">
<system-out>
<![CDATA[âœ… Responsive design screenshots captured
]]>
</system-out>
</testcase>
</testsuite>
<testsuite name="cross-browser-tests.spec.js" timestamp="2025-07-13T11:48:09.361Z" hostname="firefox" tests="8" failures="0" skipped="0" time="59.911" errors="0">
<testcase name="Cross-Browser Compatibility â€º Homepage renders correctly across browsers" classname="cross-browser-tests.spec.js" time="5.031">
<system-out>
<![CDATA[âœ… firefox: Homepage renders correctly
]]>
</system-out>
</testcase>
<testcase name="Cross-Browser Compatibility â€º Navigation works across browsers" classname="cross-browser-tests.spec.js" time="8.099">
<system-out>
<![CDATA[âœ… firefox: Navigation to / successful
âœ… firefox: Navigation test completed
]]>
</system-out>
</testcase>
<testcase name="Cross-Browser Compatibility â€º Forms work across browsers" classname="cross-browser-tests.spec.js" time="8.955">
<system-out>
<![CDATA[âœ… firefox: Form test completed
]]>
</system-out>
</testcase>
<testcase name="Responsive Design Testing â€º Layout works on Mobile" classname="cross-browser-tests.spec.js" time="5.235">
<system-out>
<![CDATA[âœ… Mobile (375x667): Layout test passed
]]>
</system-out>
</testcase>
<testcase name="Responsive Design Testing â€º Layout works on Tablet" classname="cross-browser-tests.spec.js" time="13.243">
<system-out>
<![CDATA[âœ… Tablet (768x1024): Layout test passed
]]>
</system-out>
</testcase>
<testcase name="Responsive Design Testing â€º Layout works on Desktop" classname="cross-browser-tests.spec.js" time="7.276">
<system-out>
<![CDATA[âœ… Desktop (1280x720): Layout test passed
]]>
</system-out>
</testcase>
<testcase name="Responsive Design Testing â€º Layout works on Large Desktop" classname="cross-browser-tests.spec.js" time="6.733">
<system-out>
<![CDATA[âœ… Large Desktop (1920x1080): Layout test passed
]]>
</system-out>
</testcase>
<testcase name="Responsive Design Testing â€º Mobile navigation works" classname="cross-browser-tests.spec.js" time="5.339">
<system-out>
<![CDATA[âœ… Mobile navigation test completed (menu found: false)
]]>
</system-out>
</testcase>
</testsuite>
<testsuite name="mcp-integration-test.spec.js" timestamp="2025-07-13T11:48:09.361Z" hostname="firefox" tests="2" failures="0" skipped="0" time="17.869" errors="0">
<testcase name="Playwright MCP Integration Test â€º should be able to navigate to ResearchHub homepage" classname="mcp-integration-test.spec.js" time="10.057">
<system-out>
<![CDATA[Page title: Afkar - User Testing Research Platform
âœ… Playwright MCP integration test completed successfully
]]>
</system-out>
</testcase>
<testcase name="Playwright MCP Integration Test â€º should be able to interact with navigation elements" classname="mcp-integration-test.spec.js" time="7.812">
<system-out>
<![CDATA[Found 2 navigation elements
âœ… Navigation interaction test passed
]]>
</system-out>
</testcase>
</testsuite>
<testsuite name="researcher-participant-workflow.spec.js" timestamp="2025-07-13T11:48:09.361Z" hostname="firefox" tests="2" failures="2" skipped="0" time="38.892" errors="0">
<testcase name="Complete Researcher â†’ Participant Workflow â€º Full workflow: Create study â†’ Participant completes â†’ View results" classname="researcher-participant-workflow.spec.js" time="31.229">
<failure message="researcher-participant-workflow.spec.js:50:3 Full workflow: Create study â†’ Participant completes â†’ View results" type="FAILURE">
<![CDATA[  [firefox] â€º researcher-participant-workflow.spec.js:50:3 â€º Complete Researcher â†’ Participant Workflow â€º Full workflow: Create study â†’ Participant completes â†’ View results 

    Error: expect(received).toBeTruthy()

    Received: undefined

      499 |     
      500 |     // Validate the complete workflow
    > 501 |     expect(authResult.success).toBeTruthy();
          |                                ^
      502 |     expect(participantAuthResult.success).toBeTruthy();
      503 |     expect(studyTitle).toBeTruthy();
      504 |     
        at D:\MAMP\AfakarM\testing\playwright-mcp\researcher-participant-workflow.spec.js:501:32

    attachment #1: screenshot (image/png) â”€â”€â”€â”€â”€â”€â”€â”€â”€â”€â”€â”€â”€â”€â”€â”€â”€â”€â”€â”€â”€â”€â”€â”€â”€â”€â”€â”€â”€â”€â”€â”€â”€â”€â”€â”€â”€â”€â”€â”€â”€â”€â”€â”€â”€â”€â”€â”€â”€â”€â”€â”€â”€â”€â”€â”€â”€â”€
    test-results\researcher-participant-wor-b9720-nt-completes-â†’-View-results-firefox\test-failed-1.png
    â”€â”€â”€â”€â”€â”€â”€â”€â”€â”€â”€â”€â”€â”€â”€â”€â”€â”€â”€â”€â”€â”€â”€â”€â”€â”€â”€â”€â”€â”€â”€â”€â”€â”€â”€â”€â”€â”€â”€â”€â”€â”€â”€â”€â”€â”€â”€â”€â”€â”€â”€â”€â”€â”€â”€â”€â”€â”€â”€â”€â”€â”€â”€â”€â”€â”€â”€â”€â”€â”€â”€â”€â”€â”€â”€â”€â”€â”€â”€â”€â”€â”€â”€â”€â”€â”€â”€â”€â”€â”€â”€â”€â”€â”€â”€â”€

    attachment #2: video (video/webm) â”€â”€â”€â”€â”€â”€â”€â”€â”€â”€â”€â”€â”€â”€â”€â”€â”€â”€â”€â”€â”€â”€â”€â”€â”€â”€â”€â”€â”€â”€â”€â”€â”€â”€â”€â”€â”€â”€â”€â”€â”€â”€â”€â”€â”€â”€â”€â”€â”€â”€â”€â”€â”€â”€â”€â”€â”€â”€â”€â”€â”€â”€
    test-results\researcher-participant-wor-b9720-nt-completes-â†’-View-results-firefox\video.webm
    â”€â”€â”€â”€â”€â”€â”€â”€â”€â”€â”€â”€â”€â”€â”€â”€â”€â”€â”€â”€â”€â”€â”€â”€â”€â”€â”€â”€â”€â”€â”€â”€â”€â”€â”€â”€â”€â”€â”€â”€â”€â”€â”€â”€â”€â”€â”€â”€â”€â”€â”€â”€â”€â”€â”€â”€â”€â”€â”€â”€â”€â”€â”€â”€â”€â”€â”€â”€â”€â”€â”€â”€â”€â”€â”€â”€â”€â”€â”€â”€â”€â”€â”€â”€â”€â”€â”€â”€â”€â”€â”€â”€â”€â”€â”€â”€

    Error Context: ..\..\test-results\researcher-participant-wor-b9720-nt-completes-â†’-View-results-firefox\error-context.md
]]>
</failure>
<system-out>
<![CDATA[ðŸš€ Starting complete researcher-participant workflow test...
ðŸ“ Step 1: Researcher Authentication
âœ… Researcher authentication result: { error: [32m'NetworkError when attempting to fetch resource.'[39m }
ðŸ“š Step 2: Create New Study
âœ… Clicked create study button: button:has-text("Create Study")
âœï¸ Step 3: Fill Study Details
ðŸ§© Step 4: Add Study Blocks
ðŸ’¾ Step 5: Save and Publish Study
ðŸ” Step 6: Get Study ID
ðŸ“‹ Study ID: null
ðŸ“‹ Study Title: Test Study - 2025-07-13T11:49
ðŸ‘¤ Step 7: Switch to Participant
âœ… Participant authentication result: { error: [32m'NetworkError when attempting to fetch resource.'[39m }
ðŸ“ Step 8: Participant Applies to Study
âœ… Step 9: Participant Completes Study
ðŸ“Š Step 10: Researcher Views Results
ðŸŽ¯ Final Validation

[[ATTACHMENT|..\..\test-results\researcher-participant-wor-b9720-nt-completes-â†’-View-results-firefox\test-failed-1.png]]

[[ATTACHMENT|..\..\test-results\researcher-participant-wor-b9720-nt-completes-â†’-View-results-firefox\video.webm]]

[[ATTACHMENT|..\..\test-results\researcher-participant-wor-b9720-nt-completes-â†’-View-results-firefox\error-context.md]]
]]>
</system-out>
</testcase>
<testcase name="Complete Researcher â†’ Participant Workflow â€º API-based workflow validation" classname="researcher-participant-workflow.spec.js" time="7.663">
<failure message="researcher-participant-workflow.spec.js:510:3 API-based workflow validation" type="FAILURE">
<![CDATA[  [firefox] â€º researcher-participant-workflow.spec.js:510:3 â€º Complete Researcher â†’ Participant Workflow â€º API-based workflow validation 

    Error: expect(received).toBeTruthy()

    Received: undefined

      539 |     console.log('ðŸ” API Test Results:', apiTests);
      540 |     
    > 541 |     expect(apiTests.health?.success).toBeTruthy();
          |                                      ^
      542 |     expect(apiTests.auth?.success).toBeTruthy();
      543 |   });
      544 | });
        at D:\MAMP\AfakarM\testing\playwright-mcp\researcher-participant-workflow.spec.js:541:38

    attachment #1: screenshot (image/png) â”€â”€â”€â”€â”€â”€â”€â”€â”€â”€â”€â”€â”€â”€â”€â”€â”€â”€â”€â”€â”€â”€â”€â”€â”€â”€â”€â”€â”€â”€â”€â”€â”€â”€â”€â”€â”€â”€â”€â”€â”€â”€â”€â”€â”€â”€â”€â”€â”€â”€â”€â”€â”€â”€â”€â”€â”€â”€
    test-results\researcher-participant-wor-ab7c3-I-based-workflow-validation-firefox\test-failed-1.png
    â”€â”€â”€â”€â”€â”€â”€â”€â”€â”€â”€â”€â”€â”€â”€â”€â”€â”€â”€â”€â”€â”€â”€â”€â”€â”€â”€â”€â”€â”€â”€â”€â”€â”€â”€â”€â”€â”€â”€â”€â”€â”€â”€â”€â”€â”€â”€â”€â”€â”€â”€â”€â”€â”€â”€â”€â”€â”€â”€â”€â”€â”€â”€â”€â”€â”€â”€â”€â”€â”€â”€â”€â”€â”€â”€â”€â”€â”€â”€â”€â”€â”€â”€â”€â”€â”€â”€â”€â”€â”€â”€â”€â”€â”€â”€â”€

    attachment #2: video (video/webm) â”€â”€â”€â”€â”€â”€â”€â”€â”€â”€â”€â”€â”€â”€â”€â”€â”€â”€â”€â”€â”€â”€â”€â”€â”€â”€â”€â”€â”€â”€â”€â”€â”€â”€â”€â”€â”€â”€â”€â”€â”€â”€â”€â”€â”€â”€â”€â”€â”€â”€â”€â”€â”€â”€â”€â”€â”€â”€â”€â”€â”€â”€
    test-results\researcher-participant-wor-ab7c3-I-based-workflow-validation-firefox\video.webm
    â”€â”€â”€â”€â”€â”€â”€â”€â”€â”€â”€â”€â”€â”€â”€â”€â”€â”€â”€â”€â”€â”€â”€â”€â”€â”€â”€â”€â”€â”€â”€â”€â”€â”€â”€â”€â”€â”€â”€â”€â”€â”€â”€â”€â”€â”€â”€â”€â”€â”€â”€â”€â”€â”€â”€â”€â”€â”€â”€â”€â”€â”€â”€â”€â”€â”€â”€â”€â”€â”€â”€â”€â”€â”€â”€â”€â”€â”€â”€â”€â”€â”€â”€â”€â”€â”€â”€â”€â”€â”€â”€â”€â”€â”€â”€â”€

    Error Context: ..\..\test-results\researcher-participant-wor-ab7c3-I-based-workflow-validation-firefox\error-context.md
]]>
</failure>
<system-out>
<![CDATA[ðŸ”§ Running API-based workflow validation...
ðŸ” API Test Results: { error: [32m'NetworkError when attempting to fetch resource.'[39m }

[[ATTACHMENT|..\..\test-results\researcher-participant-wor-ab7c3-I-based-workflow-validation-firefox\test-failed-1.png]]

[[ATTACHMENT|..\..\test-results\researcher-participant-wor-ab7c3-I-based-workflow-validation-firefox\video.webm]]

[[ATTACHMENT|..\..\test-results\researcher-participant-wor-ab7c3-I-based-workflow-validation-firefox\error-context.md]]
]]>
</system-out>
</testcase>
</testsuite>
<testsuite name="study-creation-flow.spec.js" timestamp="2025-07-13T11:48:09.361Z" hostname="firefox" tests="6" failures="2" skipped="0" time="73.332" errors="0">
<testcase name="ResearchHub Study Creation Flow â€º Landing page loads correctly" classname="study-creation-flow.spec.js" time="7.464">
<failure message="study-creation-flow.spec.js:17:3 Landing page loads correctly" type="FAILURE">
<![CDATA[  [firefox] â€º study-creation-flow.spec.js:17:3 â€º ResearchHub Study Creation Flow â€º Landing page loads correctly 

    Error: expect(received).toBeTruthy()

    Received: false

      25 |     
      26 |     // One of these should be visible
    > 27 |     expect(hasLoginForm || hasDashboard).toBeTruthy();
         |                                          ^
      28 |     
      29 |     console.log('âœ… Landing page loaded successfully');
      30 |   });
        at D:\MAMP\AfakarM\testing\playwright-mcp\study-creation-flow.spec.js:27:42

    attachment #1: screenshot (image/png) â”€â”€â”€â”€â”€â”€â”€â”€â”€â”€â”€â”€â”€â”€â”€â”€â”€â”€â”€â”€â”€â”€â”€â”€â”€â”€â”€â”€â”€â”€â”€â”€â”€â”€â”€â”€â”€â”€â”€â”€â”€â”€â”€â”€â”€â”€â”€â”€â”€â”€â”€â”€â”€â”€â”€â”€â”€â”€
    test-results\study-creation-flow-Resear-fe87e-anding-page-loads-correctly-firefox\test-failed-1.png
    â”€â”€â”€â”€â”€â”€â”€â”€â”€â”€â”€â”€â”€â”€â”€â”€â”€â”€â”€â”€â”€â”€â”€â”€â”€â”€â”€â”€â”€â”€â”€â”€â”€â”€â”€â”€â”€â”€â”€â”€â”€â”€â”€â”€â”€â”€â”€â”€â”€â”€â”€â”€â”€â”€â”€â”€â”€â”€â”€â”€â”€â”€â”€â”€â”€â”€â”€â”€â”€â”€â”€â”€â”€â”€â”€â”€â”€â”€â”€â”€â”€â”€â”€â”€â”€â”€â”€â”€â”€â”€â”€â”€â”€â”€â”€â”€

    attachment #2: video (video/webm) â”€â”€â”€â”€â”€â”€â”€â”€â”€â”€â”€â”€â”€â”€â”€â”€â”€â”€â”€â”€â”€â”€â”€â”€â”€â”€â”€â”€â”€â”€â”€â”€â”€â”€â”€â”€â”€â”€â”€â”€â”€â”€â”€â”€â”€â”€â”€â”€â”€â”€â”€â”€â”€â”€â”€â”€â”€â”€â”€â”€â”€â”€
    test-results\study-creation-flow-Resear-fe87e-anding-page-loads-correctly-firefox\video.webm
    â”€â”€â”€â”€â”€â”€â”€â”€â”€â”€â”€â”€â”€â”€â”€â”€â”€â”€â”€â”€â”€â”€â”€â”€â”€â”€â”€â”€â”€â”€â”€â”€â”€â”€â”€â”€â”€â”€â”€â”€â”€â”€â”€â”€â”€â”€â”€â”€â”€â”€â”€â”€â”€â”€â”€â”€â”€â”€â”€â”€â”€â”€â”€â”€â”€â”€â”€â”€â”€â”€â”€â”€â”€â”€â”€â”€â”€â”€â”€â”€â”€â”€â”€â”€â”€â”€â”€â”€â”€â”€â”€â”€â”€â”€â”€â”€

    Error Context: ..\..\test-results\study-creation-flow-Resear-fe87e-anding-page-loads-correctly-firefox\error-context.md
]]>
</failure>
<system-out>
<![CDATA[
[[ATTACHMENT|..\..\test-results\study-creation-flow-Resear-fe87e-anding-page-loads-correctly-firefox\test-failed-1.png]]

[[ATTACHMENT|..\..\test-results\study-creation-flow-Resear-fe87e-anding-page-loads-correctly-firefox\video.webm]]

[[ATTACHMENT|..\..\test-results\study-creation-flow-Resear-fe87e-anding-page-loads-correctly-firefox\error-context.md]]
]]>
</system-out>
</testcase>
<testcase name="ResearchHub Study Creation Flow â€º Authentication flow works" classname="study-creation-flow.spec.js" time="30.577">
<failure message="study-creation-flow.spec.js:32:3 Authentication flow works" type="FAILURE">
<![CDATA[  [firefox] â€º study-creation-flow.spec.js:32:3 â€º ResearchHub Study Creation Flow â€º Authentication flow works 

    Test timeout of 30000ms exceeded while running "beforeEach" hook.

       7 |
       8 | test.describe('ResearchHub Study Creation Flow', () => {
    >  9 |   test.beforeEach(async ({ page }) => {
         |        ^
      10 |     // Navigate to local development environment
      11 |     await page.goto('/');
      12 |     
        at D:\MAMP\AfakarM\testing\playwright-mcp\study-creation-flow.spec.js:9:8

    Error: page.waitForLoadState: Test timeout of 30000ms exceeded.

      12 |     
      13 |     // Wait for page load
    > 14 |     await page.waitForLoadState('networkidle');
         |                ^
      15 |   });
      16 |
      17 |   test('Landing page loads correctly', async ({ page }) => {
        at D:\MAMP\AfakarM\testing\playwright-mcp\study-creation-flow.spec.js:14:16

    attachment #1: screenshot (image/png) â”€â”€â”€â”€â”€â”€â”€â”€â”€â”€â”€â”€â”€â”€â”€â”€â”€â”€â”€â”€â”€â”€â”€â”€â”€â”€â”€â”€â”€â”€â”€â”€â”€â”€â”€â”€â”€â”€â”€â”€â”€â”€â”€â”€â”€â”€â”€â”€â”€â”€â”€â”€â”€â”€â”€â”€â”€â”€
    test-results\study-creation-flow-Resear-c2953-w-Authentication-flow-works-firefox\test-failed-1.png
    â”€â”€â”€â”€â”€â”€â”€â”€â”€â”€â”€â”€â”€â”€â”€â”€â”€â”€â”€â”€â”€â”€â”€â”€â”€â”€â”€â”€â”€â”€â”€â”€â”€â”€â”€â”€â”€â”€â”€â”€â”€â”€â”€â”€â”€â”€â”€â”€â”€â”€â”€â”€â”€â”€â”€â”€â”€â”€â”€â”€â”€â”€â”€â”€â”€â”€â”€â”€â”€â”€â”€â”€â”€â”€â”€â”€â”€â”€â”€â”€â”€â”€â”€â”€â”€â”€â”€â”€â”€â”€â”€â”€â”€â”€â”€â”€

    attachment #2: video (video/webm) â”€â”€â”€â”€â”€â”€â”€â”€â”€â”€â”€â”€â”€â”€â”€â”€â”€â”€â”€â”€â”€â”€â”€â”€â”€â”€â”€â”€â”€â”€â”€â”€â”€â”€â”€â”€â”€â”€â”€â”€â”€â”€â”€â”€â”€â”€â”€â”€â”€â”€â”€â”€â”€â”€â”€â”€â”€â”€â”€â”€â”€â”€
    test-results\study-creation-flow-Resear-c2953-w-Authentication-flow-works-firefox\video.webm
    â”€â”€â”€â”€â”€â”€â”€â”€â”€â”€â”€â”€â”€â”€â”€â”€â”€â”€â”€â”€â”€â”€â”€â”€â”€â”€â”€â”€â”€â”€â”€â”€â”€â”€â”€â”€â”€â”€â”€â”€â”€â”€â”€â”€â”€â”€â”€â”€â”€â”€â”€â”€â”€â”€â”€â”€â”€â”€â”€â”€â”€â”€â”€â”€â”€â”€â”€â”€â”€â”€â”€â”€â”€â”€â”€â”€â”€â”€â”€â”€â”€â”€â”€â”€â”€â”€â”€â”€â”€â”€â”€â”€â”€â”€â”€â”€

    Error Context: ..\..\test-results\study-creation-flow-Resear-c2953-w-Authentication-flow-works-firefox\error-context.md
]]>
</failure>
<system-out>
<![CDATA[
[[ATTACHMENT|..\..\test-results\study-creation-flow-Resear-c2953-w-Authentication-flow-works-firefox\test-failed-1.png]]

[[ATTACHMENT|..\..\test-results\study-creation-flow-Resear-c2953-w-Authentication-flow-works-firefox\video.webm]]

[[ATTACHMENT|..\..\test-results\study-creation-flow-Resear-c2953-w-Authentication-flow-works-firefox\error-context.md]]
]]>
</system-out>
</testcase>
<testcase name="ResearchHub Study Creation Flow â€º Navigation to study creation" classname="study-creation-flow.spec.js" time="11.224">
<system-out>
<![CDATA[â„¹ï¸ No create button found - might be on a different page structure
âœ… Study creation navigation completed (creation interface: false)
]]>
</system-out>
</testcase>
<testcase name="ResearchHub Study Creation Flow â€º Basic UI elements are functional" classname="study-creation-flow.spec.js" time="8.185">
<system-out>
<![CDATA[âœ… UI elements are functional and responsive
]]>
</system-out>
</testcase>
<testcase name="ResearchHub Study Creation Flow â€º Error handling works" classname="study-creation-flow.spec.js" time="6.292">
<system-out>
<![CDATA[âœ… No login form found - skipping error test
]]>
</system-out>
</testcase>
<testcase name="ResearchHub Study Creation Flow â€º Performance test - page load times" classname="study-creation-flow.spec.js" time="9.59">
<system-out>
<![CDATA[âœ… Page load time: 1794ms
]]>
</system-out>
</testcase>
</testsuite>
<testsuite name="visual-regression.spec.js" timestamp="2025-07-13T11:48:09.361Z" hostname="firefox" tests="7" failures="0" skipped="0" time="67.369" errors="0">
<testcase name="Visual Regression Testing â€º Homepage visual consistency" classname="visual-regression.spec.js" time="16.047">
<system-out>
<![CDATA[D:\MAMP\AfakarM\testing\playwright-mcp\visual-regression.spec.js-snapshots\homepage-full-firefox-win32.png is re-generated, writing actual.
âœ… Homepage visual regression test completed
]]>
</system-out>
</testcase>
<testcase name="Visual Regression Testing â€º Login form visual consistency" classname="visual-regression.spec.js" time="10.48">
<system-out>
<![CDATA[D:\MAMP\AfakarM\testing\playwright-mcp\visual-regression.spec.js-snapshots\main-content-firefox-win32.png is re-generated, writing actual.
âœ… Main content visual test completed
]]>
</system-out>
</testcase>
<testcase name="Visual Regression Testing â€º Navigation visual consistency" classname="visual-regression.spec.js" time="7.887">
<system-out>
<![CDATA[D:\MAMP\AfakarM\testing\playwright-mcp\visual-regression.spec.js-snapshots\navigation-firefox-win32.png is re-generated, writing actual.
âœ… Navigation visual test completed
]]>
</system-out>
</testcase>
<testcase name="Visual Regression Testing â€º Mobile layout visual consistency" classname="visual-regression.spec.js" time="11.762">
<system-out>
<![CDATA[D:\MAMP\AfakarM\testing\playwright-mcp\visual-regression.spec.js-snapshots\mobile-layout-firefox-win32.png is re-generated, writing actual.
âœ… Mobile layout visual test completed
]]>
</system-out>
</testcase>
<testcase name="Visual Regression Testing â€º Button states visual consistency" classname="visual-regression.spec.js" time="9.967">
<system-out>
<![CDATA[D:\MAMP\AfakarM\testing\playwright-mcp\visual-regression.spec.js-snapshots\button-normal-firefox-win32.png is re-generated, writing actual.
D:\MAMP\AfakarM\testing\playwright-mcp\visual-regression.spec.js-snapshots\button-hover-firefox-win32.png is re-generated, writing actual.
D:\MAMP\AfakarM\testing\playwright-mcp\visual-regression.spec.js-snapshots\button-focus-firefox-win32.png is re-generated, writing actual.
âœ… Button states visual test completed
]]>
</system-out>
</testcase>
<testcase name="Visual Regression Testing â€º Dark mode visual consistency" classname="visual-regression.spec.js" time="6.108">
<system-out>
<![CDATA[â„¹ï¸ No dark mode toggle found
]]>
</system-out>
</testcase>
<testcase name="Visual Regression Testing â€º Error states visual consistency" classname="visual-regression.spec.js" time="5.118">
<system-out>
<![CDATA[â„¹ï¸ No login form found to test error states
]]>
</system-out>
</testcase>
</testsuite>
<testsuite name="application.spec.js" timestamp="2025-07-13T11:48:09.361Z" hostname="webkit" tests="8" failures="3" skipped="0" time="41.137" errors="0">
<testcase name="ResearchHub Application Tests â€º Homepage loads successfully" classname="application.spec.js" time="5.815">
<system-out>
<![CDATA[âœ… Homepage loaded successfully
]]>
</system-out>
</testcase>
<testcase name="ResearchHub Application Tests â€º Navigation elements are present" classname="application.spec.js" time="4.769">
<failure message="application.spec.js:19:3 Navigation elements are present" type="FAILURE">
<![CDATA[  [webkit] â€º application.spec.js:19:3 â€º ResearchHub Application Tests â€º Navigation elements are present 

    Error: expect.toBeVisible: Error: strict mode violation: locator('nav, [role="navigation"], header') resolved to 2 elements:
        1) <header class="bg-white/80 backdrop-blur-md shadow-sm border-b border-white/20 sticky top-0 z-50">â€¦</header> aka getByRole('banner')
        2) <nav class="hidden md:flex space-x-8">â€¦</nav> aka getByText('HomeFeaturesPricingAbout')

    Call log:
      - Expect "toBeVisible" with timeout 5000ms
      - waiting for locator('nav, [role="navigation"], header')


      23 |     // Look for common navigation elements
      24 |     const navigation = page.locator('nav, [role="navigation"], header');
    > 25 |     await expect(navigation).toBeVisible();
         |                              ^
      26 |     
      27 |     console.log('âœ… Navigation elements found');
      28 |   });
        at D:\MAMP\AfakarM\testing\playwright-mcp\application.spec.js:25:30

    attachment #1: screenshot (image/png) â”€â”€â”€â”€â”€â”€â”€â”€â”€â”€â”€â”€â”€â”€â”€â”€â”€â”€â”€â”€â”€â”€â”€â”€â”€â”€â”€â”€â”€â”€â”€â”€â”€â”€â”€â”€â”€â”€â”€â”€â”€â”€â”€â”€â”€â”€â”€â”€â”€â”€â”€â”€â”€â”€â”€â”€â”€â”€
    test-results\application-ResearchHub-Ap-a289a-gation-elements-are-present-webkit\test-failed-1.png
    â”€â”€â”€â”€â”€â”€â”€â”€â”€â”€â”€â”€â”€â”€â”€â”€â”€â”€â”€â”€â”€â”€â”€â”€â”€â”€â”€â”€â”€â”€â”€â”€â”€â”€â”€â”€â”€â”€â”€â”€â”€â”€â”€â”€â”€â”€â”€â”€â”€â”€â”€â”€â”€â”€â”€â”€â”€â”€â”€â”€â”€â”€â”€â”€â”€â”€â”€â”€â”€â”€â”€â”€â”€â”€â”€â”€â”€â”€â”€â”€â”€â”€â”€â”€â”€â”€â”€â”€â”€â”€â”€â”€â”€â”€â”€â”€

    attachment #2: video (video/webm) â”€â”€â”€â”€â”€â”€â”€â”€â”€â”€â”€â”€â”€â”€â”€â”€â”€â”€â”€â”€â”€â”€â”€â”€â”€â”€â”€â”€â”€â”€â”€â”€â”€â”€â”€â”€â”€â”€â”€â”€â”€â”€â”€â”€â”€â”€â”€â”€â”€â”€â”€â”€â”€â”€â”€â”€â”€â”€â”€â”€â”€â”€
    test-results\application-ResearchHub-Ap-a289a-gation-elements-are-present-webkit\video.webm
    â”€â”€â”€â”€â”€â”€â”€â”€â”€â”€â”€â”€â”€â”€â”€â”€â”€â”€â”€â”€â”€â”€â”€â”€â”€â”€â”€â”€â”€â”€â”€â”€â”€â”€â”€â”€â”€â”€â”€â”€â”€â”€â”€â”€â”€â”€â”€â”€â”€â”€â”€â”€â”€â”€â”€â”€â”€â”€â”€â”€â”€â”€â”€â”€â”€â”€â”€â”€â”€â”€â”€â”€â”€â”€â”€â”€â”€â”€â”€â”€â”€â”€â”€â”€â”€â”€â”€â”€â”€â”€â”€â”€â”€â”€â”€â”€

    Error Context: ..\..\test-results\application-ResearchHub-Ap-a289a-gation-elements-are-present-webkit\error-context.md
]]>
</failure>
<system-out>
<![CDATA[
[[ATTACHMENT|..\..\test-results\application-ResearchHub-Ap-a289a-gation-elements-are-present-webkit\test-failed-1.png]]

[[ATTACHMENT|..\..\test-results\application-ResearchHub-Ap-a289a-gation-elements-are-present-webkit\video.webm]]

[[ATTACHMENT|..\..\test-results\application-ResearchHub-Ap-a289a-gation-elements-are-present-webkit\error-context.md]]
]]>
</system-out>
</testcase>
<testcase name="ResearchHub Application Tests â€º Login page is accessible" classname="application.spec.js" time="3.862">
<system-out>
<![CDATA[âœ… Login page accessible
]]>
</system-out>
</testcase>
<testcase name="ResearchHub Application Tests â€º Register page is accessible" classname="application.spec.js" time="3.068">
<system-out>
<![CDATA[âœ… Register page accessible
]]>
</system-out>
</testcase>
<testcase name="ResearchHub Application Tests â€º API health check" classname="application.spec.js" time="0.16">
<failure message="application.spec.js:55:3 API health check" type="FAILURE">
<![CDATA[  [webkit] â€º application.spec.js:55:3 â€º ResearchHub Application Tests â€º API health check â”€â”€â”€â”€â”€â”€â”€â”€â”€â”€â”€

    Error: expect(received).toBe(expected) // Object.is equality

    Expected: "healthy"
    Received: "operational"

      58 |     
      59 |     const body = await response.json();
    > 60 |     expect(body.status).toBe('healthy');
         |                         ^
      61 |     
      62 |     console.log('âœ… API health check passed');
      63 |   });
        at D:\MAMP\AfakarM\testing\playwright-mcp\application.spec.js:60:25
]]>
</failure>
</testcase>
<testcase name="ResearchHub Application Tests â€º Studies page is accessible" classname="application.spec.js" time="7.688">
<failure message="application.spec.js:65:3 Studies page is accessible" type="FAILURE">
<![CDATA[  [webkit] â€º application.spec.js:65:3 â€º ResearchHub Application Tests â€º Studies page is accessible â”€

    Error: Timed out 5000ms waiting for expect(locator).toBeVisible()

    Locator: locator('h1, h2, [data-testid="studies"], .studies').first()
    Expected: visible
    Received: <element(s) not found>
    Call log:
      - Expect "toBeVisible" with timeout 5000ms
      - waiting for locator('h1, h2, [data-testid="studies"], .studies').first()


      69 |     // Should not throw an error
      70 |     const heading = page.locator('h1, h2, [data-testid="studies"], .studies');
    > 71 |     await expect(heading.first()).toBeVisible();
         |                                   ^
      72 |     
      73 |     console.log('âœ… Studies page accessible');
      74 |   });
        at D:\MAMP\AfakarM\testing\playwright-mcp\application.spec.js:71:35

    attachment #1: screenshot (image/png) â”€â”€â”€â”€â”€â”€â”€â”€â”€â”€â”€â”€â”€â”€â”€â”€â”€â”€â”€â”€â”€â”€â”€â”€â”€â”€â”€â”€â”€â”€â”€â”€â”€â”€â”€â”€â”€â”€â”€â”€â”€â”€â”€â”€â”€â”€â”€â”€â”€â”€â”€â”€â”€â”€â”€â”€â”€â”€
    test-results\application-ResearchHub-Ap-3451b--Studies-page-is-accessible-webkit\test-failed-1.png
    â”€â”€â”€â”€â”€â”€â”€â”€â”€â”€â”€â”€â”€â”€â”€â”€â”€â”€â”€â”€â”€â”€â”€â”€â”€â”€â”€â”€â”€â”€â”€â”€â”€â”€â”€â”€â”€â”€â”€â”€â”€â”€â”€â”€â”€â”€â”€â”€â”€â”€â”€â”€â”€â”€â”€â”€â”€â”€â”€â”€â”€â”€â”€â”€â”€â”€â”€â”€â”€â”€â”€â”€â”€â”€â”€â”€â”€â”€â”€â”€â”€â”€â”€â”€â”€â”€â”€â”€â”€â”€â”€â”€â”€â”€â”€â”€

    attachment #2: video (video/webm) â”€â”€â”€â”€â”€â”€â”€â”€â”€â”€â”€â”€â”€â”€â”€â”€â”€â”€â”€â”€â”€â”€â”€â”€â”€â”€â”€â”€â”€â”€â”€â”€â”€â”€â”€â”€â”€â”€â”€â”€â”€â”€â”€â”€â”€â”€â”€â”€â”€â”€â”€â”€â”€â”€â”€â”€â”€â”€â”€â”€â”€â”€
    test-results\application-ResearchHub-Ap-3451b--Studies-page-is-accessible-webkit\video.webm
    â”€â”€â”€â”€â”€â”€â”€â”€â”€â”€â”€â”€â”€â”€â”€â”€â”€â”€â”€â”€â”€â”€â”€â”€â”€â”€â”€â”€â”€â”€â”€â”€â”€â”€â”€â”€â”€â”€â”€â”€â”€â”€â”€â”€â”€â”€â”€â”€â”€â”€â”€â”€â”€â”€â”€â”€â”€â”€â”€â”€â”€â”€â”€â”€â”€â”€â”€â”€â”€â”€â”€â”€â”€â”€â”€â”€â”€â”€â”€â”€â”€â”€â”€â”€â”€â”€â”€â”€â”€â”€â”€â”€â”€â”€â”€â”€
]]>
</failure>
<system-out>
<![CDATA[
[[ATTACHMENT|..\..\test-results\application-ResearchHub-Ap-3451b--Studies-page-is-accessible-webkit\test-failed-1.png]]

[[ATTACHMENT|..\..\test-results\application-ResearchHub-Ap-3451b--Studies-page-is-accessible-webkit\video.webm]]
]]>
</system-out>
</testcase>
<testcase name="ResearchHub Application Tests â€º Application has no console errors" classname="application.spec.js" time="6.688">
<system-out>
<![CDATA[âœ… No critical console errors
]]>
</system-out>
</testcase>
<testcase name="ResearchHub Application Tests â€º Responsive design check" classname="application.spec.js" time="9.087">
<system-out>
<![CDATA[âœ… Responsive design screenshots captured
]]>
</system-out>
</testcase>
</testsuite>
<testsuite name="cross-browser-tests.spec.js" timestamp="2025-07-13T11:48:09.361Z" hostname="webkit" tests="8" failures="0" skipped="0" time="57.333" errors="0">
<testcase name="Cross-Browser Compatibility â€º Homepage renders correctly across browsers" classname="cross-browser-tests.spec.js" time="5.875">
<system-out>
<![CDATA[âœ… webkit: Homepage renders correctly
]]>
</system-out>
</testcase>
<testcase name="Cross-Browser Compatibility â€º Navigation works across browsers" classname="cross-browser-tests.spec.js" time="8.208">
<system-out>
<![CDATA[âœ… webkit: Navigation to / successful
âœ… webkit: Navigation test completed
]]>
</system-out>
</testcase>
<testcase name="Cross-Browser Compatibility â€º Forms work across browsers" classname="cross-browser-tests.spec.js" time="4.561">
<system-out>
<![CDATA[âœ… webkit: Form test completed
]]>
</system-out>
</testcase>
<testcase name="Responsive Design Testing â€º Layout works on Mobile" classname="cross-browser-tests.spec.js" time="4.666">
<system-out>
<![CDATA[âœ… Mobile (375x667): Layout test passed
]]>
</system-out>
</testcase>
<testcase name="Responsive Design Testing â€º Layout works on Tablet" classname="cross-browser-tests.spec.js" time="7.799">
<system-out>
<![CDATA[âœ… Tablet (768x1024): Layout test passed
]]>
</system-out>
</testcase>
<testcase name="Responsive Design Testing â€º Layout works on Desktop" classname="cross-browser-tests.spec.js" time="8.189">
<system-out>
<![CDATA[âœ… Desktop (1280x720): Layout test passed
]]>
</system-out>
</testcase>
<testcase name="Responsive Design Testing â€º Layout works on Large Desktop" classname="cross-browser-tests.spec.js" time="15.454">
<system-out>
<![CDATA[âœ… Large Desktop (1920x1080): Layout test passed
]]>
</system-out>
</testcase>
<testcase name="Responsive Design Testing â€º Mobile navigation works" classname="cross-browser-tests.spec.js" time="2.581">
<system-out>
<![CDATA[âœ… Mobile navigation test completed (menu found: false)
]]>
</system-out>
</testcase>
</testsuite>
<testsuite name="mcp-integration-test.spec.js" timestamp="2025-07-13T11:48:09.361Z" hostname="webkit" tests="2" failures="0" skipped="0" time="11.549" errors="0">
<testcase name="Playwright MCP Integration Test â€º should be able to navigate to ResearchHub homepage" classname="mcp-integration-test.spec.js" time="7.693">
<system-out>
<![CDATA[Page title: Afkar - User Testing Research Platform
âœ… Playwright MCP integration test completed successfully
]]>
</system-out>
</testcase>
<testcase name="Playwright MCP Integration Test â€º should be able to interact with navigation elements" classname="mcp-integration-test.spec.js" time="3.856">
<system-out>
<![CDATA[Found 2 navigation elements
âœ… Navigation interaction test passed
]]>
</system-out>
</testcase>
</testsuite>
<testsuite name="researcher-participant-workflow.spec.js" timestamp="2025-07-13T11:48:09.361Z" hostname="webkit" tests="2" failures="2" skipped="0" time="41.383" errors="0">
<testcase name="Complete Researcher â†’ Participant Workflow â€º Full workflow: Create study â†’ Participant completes â†’ View results" classname="researcher-participant-workflow.spec.js" time="33.428">
<failure message="researcher-participant-workflow.spec.js:50:3 Full workflow: Create study â†’ Participant completes â†’ View results" type="FAILURE">
<![CDATA[  [webkit] â€º researcher-participant-workflow.spec.js:50:3 â€º Complete Researcher â†’ Participant Workflow â€º Full workflow: Create study â†’ Participant completes â†’ View results 

    Error: expect(received).toBeTruthy()

    Received: undefined

      499 |     
      500 |     // Validate the complete workflow
    > 501 |     expect(authResult.success).toBeTruthy();
          |                                ^
      502 |     expect(participantAuthResult.success).toBeTruthy();
      503 |     expect(studyTitle).toBeTruthy();
      504 |     
        at D:\MAMP\AfakarM\testing\playwright-mcp\researcher-participant-workflow.spec.js:501:32

    attachment #1: screenshot (image/png) â”€â”€â”€â”€â”€â”€â”€â”€â”€â”€â”€â”€â”€â”€â”€â”€â”€â”€â”€â”€â”€â”€â”€â”€â”€â”€â”€â”€â”€â”€â”€â”€â”€â”€â”€â”€â”€â”€â”€â”€â”€â”€â”€â”€â”€â”€â”€â”€â”€â”€â”€â”€â”€â”€â”€â”€â”€â”€
    test-results\researcher-participant-wor-b9720-nt-completes-â†’-View-results-webkit\test-failed-1.png
    â”€â”€â”€â”€â”€â”€â”€â”€â”€â”€â”€â”€â”€â”€â”€â”€â”€â”€â”€â”€â”€â”€â”€â”€â”€â”€â”€â”€â”€â”€â”€â”€â”€â”€â”€â”€â”€â”€â”€â”€â”€â”€â”€â”€â”€â”€â”€â”€â”€â”€â”€â”€â”€â”€â”€â”€â”€â”€â”€â”€â”€â”€â”€â”€â”€â”€â”€â”€â”€â”€â”€â”€â”€â”€â”€â”€â”€â”€â”€â”€â”€â”€â”€â”€â”€â”€â”€â”€â”€â”€â”€â”€â”€â”€â”€â”€

    attachment #2: video (video/webm) â”€â”€â”€â”€â”€â”€â”€â”€â”€â”€â”€â”€â”€â”€â”€â”€â”€â”€â”€â”€â”€â”€â”€â”€â”€â”€â”€â”€â”€â”€â”€â”€â”€â”€â”€â”€â”€â”€â”€â”€â”€â”€â”€â”€â”€â”€â”€â”€â”€â”€â”€â”€â”€â”€â”€â”€â”€â”€â”€â”€â”€â”€
    test-results\researcher-participant-wor-b9720-nt-completes-â†’-View-results-webkit\video.webm
    â”€â”€â”€â”€â”€â”€â”€â”€â”€â”€â”€â”€â”€â”€â”€â”€â”€â”€â”€â”€â”€â”€â”€â”€â”€â”€â”€â”€â”€â”€â”€â”€â”€â”€â”€â”€â”€â”€â”€â”€â”€â”€â”€â”€â”€â”€â”€â”€â”€â”€â”€â”€â”€â”€â”€â”€â”€â”€â”€â”€â”€â”€â”€â”€â”€â”€â”€â”€â”€â”€â”€â”€â”€â”€â”€â”€â”€â”€â”€â”€â”€â”€â”€â”€â”€â”€â”€â”€â”€â”€â”€â”€â”€â”€â”€â”€

    Error Context: ..\..\test-results\researcher-participant-wor-b9720-nt-completes-â†’-View-results-webkit\error-context.md
]]>
</failure>
<system-out>
<![CDATA[ðŸš€ Starting complete researcher-participant workflow test...
ðŸ“ Step 1: Researcher Authentication
âœ… Researcher authentication result: { error: [32m'Load failed'[39m }
ðŸ“š Step 2: Create New Study
âœ… Clicked create study button: button:has-text("Create Study")
âœï¸ Step 3: Fill Study Details
ðŸ§© Step 4: Add Study Blocks
ðŸ’¾ Step 5: Save and Publish Study
ðŸ” Step 6: Get Study ID
ðŸ“‹ Study ID: null
ðŸ“‹ Study Title: Test Study - 2025-07-13T11:50
ðŸ‘¤ Step 7: Switch to Participant
âœ… Participant authentication result: { error: [32m'Load failed'[39m }
ðŸ“ Step 8: Participant Applies to Study
âœ… Step 9: Participant Completes Study
ðŸ“Š Step 10: Researcher Views Results
ðŸŽ¯ Final Validation

[[ATTACHMENT|..\..\test-results\researcher-participant-wor-b9720-nt-completes-â†’-View-results-webkit\test-failed-1.png]]

[[ATTACHMENT|..\..\test-results\researcher-participant-wor-b9720-nt-completes-â†’-View-results-webkit\video.webm]]

[[ATTACHMENT|..\..\test-results\researcher-participant-wor-b9720-nt-completes-â†’-View-results-webkit\error-context.md]]
]]>
</system-out>
</testcase>
<testcase name="Complete Researcher â†’ Participant Workflow â€º API-based workflow validation" classname="researcher-participant-workflow.spec.js" time="7.955">
<failure message="researcher-participant-workflow.spec.js:510:3 API-based workflow validation" type="FAILURE">
<![CDATA[  [webkit] â€º researcher-participant-workflow.spec.js:510:3 â€º Complete Researcher â†’ Participant Workflow â€º API-based workflow validation 

    Error: expect(received).toBeTruthy()

    Received: undefined

      539 |     console.log('ðŸ” API Test Results:', apiTests);
      540 |     
    > 541 |     expect(apiTests.health?.success).toBeTruthy();
          |                                      ^
      542 |     expect(apiTests.auth?.success).toBeTruthy();
      543 |   });
      544 | });
        at D:\MAMP\AfakarM\testing\playwright-mcp\researcher-participant-workflow.spec.js:541:38

    attachment #1: screenshot (image/png) â”€â”€â”€â”€â”€â”€â”€â”€â”€â”€â”€â”€â”€â”€â”€â”€â”€â”€â”€â”€â”€â”€â”€â”€â”€â”€â”€â”€â”€â”€â”€â”€â”€â”€â”€â”€â”€â”€â”€â”€â”€â”€â”€â”€â”€â”€â”€â”€â”€â”€â”€â”€â”€â”€â”€â”€â”€â”€
    test-results\researcher-participant-wor-ab7c3-I-based-workflow-validation-webkit\test-failed-1.png
    â”€â”€â”€â”€â”€â”€â”€â”€â”€â”€â”€â”€â”€â”€â”€â”€â”€â”€â”€â”€â”€â”€â”€â”€â”€â”€â”€â”€â”€â”€â”€â”€â”€â”€â”€â”€â”€â”€â”€â”€â”€â”€â”€â”€â”€â”€â”€â”€â”€â”€â”€â”€â”€â”€â”€â”€â”€â”€â”€â”€â”€â”€â”€â”€â”€â”€â”€â”€â”€â”€â”€â”€â”€â”€â”€â”€â”€â”€â”€â”€â”€â”€â”€â”€â”€â”€â”€â”€â”€â”€â”€â”€â”€â”€â”€â”€

    attachment #2: video (video/webm) â”€â”€â”€â”€â”€â”€â”€â”€â”€â”€â”€â”€â”€â”€â”€â”€â”€â”€â”€â”€â”€â”€â”€â”€â”€â”€â”€â”€â”€â”€â”€â”€â”€â”€â”€â”€â”€â”€â”€â”€â”€â”€â”€â”€â”€â”€â”€â”€â”€â”€â”€â”€â”€â”€â”€â”€â”€â”€â”€â”€â”€â”€
    test-results\researcher-participant-wor-ab7c3-I-based-workflow-validation-webkit\video.webm
    â”€â”€â”€â”€â”€â”€â”€â”€â”€â”€â”€â”€â”€â”€â”€â”€â”€â”€â”€â”€â”€â”€â”€â”€â”€â”€â”€â”€â”€â”€â”€â”€â”€â”€â”€â”€â”€â”€â”€â”€â”€â”€â”€â”€â”€â”€â”€â”€â”€â”€â”€â”€â”€â”€â”€â”€â”€â”€â”€â”€â”€â”€â”€â”€â”€â”€â”€â”€â”€â”€â”€â”€â”€â”€â”€â”€â”€â”€â”€â”€â”€â”€â”€â”€â”€â”€â”€â”€â”€â”€â”€â”€â”€â”€â”€â”€

    Error Context: ..\..\test-results\researcher-participant-wor-ab7c3-I-based-workflow-validation-webkit\error-context.md
]]>
</failure>
<system-out>
<![CDATA[ðŸ”§ Running API-based workflow validation...
ðŸ” API Test Results: { error: [32m'Load failed'[39m }

[[ATTACHMENT|..\..\test-results\researcher-participant-wor-ab7c3-I-based-workflow-validation-webkit\test-failed-1.png]]

[[ATTACHMENT|..\..\test-results\researcher-participant-wor-ab7c3-I-based-workflow-validation-webkit\video.webm]]

[[ATTACHMENT|..\..\test-results\researcher-participant-wor-ab7c3-I-based-workflow-validation-webkit\error-context.md]]
]]>
</system-out>
</testcase>
</testsuite>
<testsuite name="study-creation-flow.spec.js" timestamp="2025-07-13T11:48:09.361Z" hostname="webkit" tests="6" failures="1" skipped="0" time="37.533" errors="0">
<testcase name="ResearchHub Study Creation Flow â€º Landing page loads correctly" classname="study-creation-flow.spec.js" time="6.129">
<failure message="study-creation-flow.spec.js:17:3 Landing page loads correctly" type="FAILURE">
<![CDATA[  [webkit] â€º study-creation-flow.spec.js:17:3 â€º ResearchHub Study Creation Flow â€º Landing page loads correctly 

    Error: expect(received).toBeTruthy()

    Received: false

      25 |     
      26 |     // One of these should be visible
    > 27 |     expect(hasLoginForm || hasDashboard).toBeTruthy();
         |                                          ^
      28 |     
      29 |     console.log('âœ… Landing page loaded successfully');
      30 |   });
        at D:\MAMP\AfakarM\testing\playwright-mcp\study-creation-flow.spec.js:27:42

    attachment #1: screenshot (image/png) â”€â”€â”€â”€â”€â”€â”€â”€â”€â”€â”€â”€â”€â”€â”€â”€â”€â”€â”€â”€â”€â”€â”€â”€â”€â”€â”€â”€â”€â”€â”€â”€â”€â”€â”€â”€â”€â”€â”€â”€â”€â”€â”€â”€â”€â”€â”€â”€â”€â”€â”€â”€â”€â”€â”€â”€â”€â”€
    test-results\study-creation-flow-Resear-fe87e-anding-page-loads-correctly-webkit\test-failed-1.png
    â”€â”€â”€â”€â”€â”€â”€â”€â”€â”€â”€â”€â”€â”€â”€â”€â”€â”€â”€â”€â”€â”€â”€â”€â”€â”€â”€â”€â”€â”€â”€â”€â”€â”€â”€â”€â”€â”€â”€â”€â”€â”€â”€â”€â”€â”€â”€â”€â”€â”€â”€â”€â”€â”€â”€â”€â”€â”€â”€â”€â”€â”€â”€â”€â”€â”€â”€â”€â”€â”€â”€â”€â”€â”€â”€â”€â”€â”€â”€â”€â”€â”€â”€â”€â”€â”€â”€â”€â”€â”€â”€â”€â”€â”€â”€â”€

    attachment #2: video (video/webm) â”€â”€â”€â”€â”€â”€â”€â”€â”€â”€â”€â”€â”€â”€â”€â”€â”€â”€â”€â”€â”€â”€â”€â”€â”€â”€â”€â”€â”€â”€â”€â”€â”€â”€â”€â”€â”€â”€â”€â”€â”€â”€â”€â”€â”€â”€â”€â”€â”€â”€â”€â”€â”€â”€â”€â”€â”€â”€â”€â”€â”€â”€
    test-results\study-creation-flow-Resear-fe87e-anding-page-loads-correctly-webkit\video.webm
    â”€â”€â”€â”€â”€â”€â”€â”€â”€â”€â”€â”€â”€â”€â”€â”€â”€â”€â”€â”€â”€â”€â”€â”€â”€â”€â”€â”€â”€â”€â”€â”€â”€â”€â”€â”€â”€â”€â”€â”€â”€â”€â”€â”€â”€â”€â”€â”€â”€â”€â”€â”€â”€â”€â”€â”€â”€â”€â”€â”€â”€â”€â”€â”€â”€â”€â”€â”€â”€â”€â”€â”€â”€â”€â”€â”€â”€â”€â”€â”€â”€â”€â”€â”€â”€â”€â”€â”€â”€â”€â”€â”€â”€â”€â”€â”€

    Error Context: ..\..\test-results\study-creation-flow-Resear-fe87e-anding-page-loads-correctly-webkit\error-context.md
]]>
</failure>
<system-out>
<![CDATA[
[[ATTACHMENT|..\..\test-results\study-creation-flow-Resear-fe87e-anding-page-loads-correctly-webkit\test-failed-1.png]]

[[ATTACHMENT|..\..\test-results\study-creation-flow-Resear-fe87e-anding-page-loads-correctly-webkit\video.webm]]

[[ATTACHMENT|..\..\test-results\study-creation-flow-Resear-fe87e-anding-page-loads-correctly-webkit\error-context.md]]
]]>
</system-out>
</testcase>
<testcase name="ResearchHub Study Creation Flow â€º Authentication flow works" classname="study-creation-flow.spec.js" time="5.27">
<system-out>
<![CDATA[âœ… Authentication successful
]]>
</system-out>
</testcase>
<testcase name="ResearchHub Study Creation Flow â€º Navigation to study creation" classname="study-creation-flow.spec.js" time="9.544">
<system-out>
<![CDATA[â„¹ï¸ No create button found - might be on a different page structure
âœ… Study creation navigation completed (creation interface: false)
]]>
</system-out>
</testcase>
<testcase name="ResearchHub Study Creation Flow â€º Basic UI elements are functional" classname="study-creation-flow.spec.js" time="7.695">
<system-out>
<![CDATA[âœ… UI elements are functional and responsive
]]>
</system-out>
</testcase>
<testcase name="ResearchHub Study Creation Flow â€º Error handling works" classname="study-creation-flow.spec.js" time="3.997">
<system-out>
<![CDATA[âœ… No login form found - skipping error test
]]>
</system-out>
</testcase>
<testcase name="ResearchHub Study Creation Flow â€º Performance test - page load times" classname="study-creation-flow.spec.js" time="4.898">
<system-out>
<![CDATA[âœ… Page load time: 1262ms
]]>
</system-out>
</testcase>
</testsuite>
<testsuite name="visual-regression.spec.js" timestamp="2025-07-13T11:48:09.361Z" hostname="webkit" tests="7" failures="0" skipped="0" time="80.152" errors="0">
<testcase name="Visual Regression Testing â€º Homepage visual consistency" classname="visual-regression.spec.js" time="11.699">
<system-out>
<![CDATA[D:\MAMP\AfakarM\testing\playwright-mcp\visual-regression.spec.js-snapshots\homepage-full-webkit-win32.png is re-generated, writing actual.
âœ… Homepage visual regression test completed
]]>
</system-out>
</testcase>
<testcase name="Visual Regression Testing â€º Login form visual consistency" classname="visual-regression.spec.js" time="11.137">
<system-out>
<![CDATA[D:\MAMP\AfakarM\testing\playwright-mcp\visual-regression.spec.js-snapshots\main-content-webkit-win32.png is re-generated, writing actual.
âœ… Main content visual test completed
]]>
</system-out>
</testcase>
<testcase name="Visual Regression Testing â€º Navigation visual consistency" classname="visual-regression.spec.js" time="12.555">
<system-out>
<![CDATA[D:\MAMP\AfakarM\testing\playwright-mcp\visual-regression.spec.js-snapshots\navigation-webkit-win32.png is re-generated, writing actual.
âœ… Navigation visual test completed
]]>
</system-out>
</testcase>
<testcase name="Visual Regression Testing â€º Mobile layout visual consistency" classname="visual-regression.spec.js" time="10.276">
<system-out>
<![CDATA[D:\MAMP\AfakarM\testing\playwright-mcp\visual-regression.spec.js-snapshots\mobile-layout-webkit-win32.png is re-generated, writing actual.
âœ… Mobile layout visual test completed
]]>
</system-out>
</testcase>
<testcase name="Visual Regression Testing â€º Button states visual consistency" classname="visual-regression.spec.js" time="25.144">
<system-out>
<![CDATA[D:\MAMP\AfakarM\testing\playwright-mcp\visual-regression.spec.js-snapshots\button-normal-webkit-win32.png is re-generated, writing actual.
D:\MAMP\AfakarM\testing\playwright-mcp\visual-regression.spec.js-snapshots\button-hover-webkit-win32.png is re-generated, writing actual.
D:\MAMP\AfakarM\testing\playwright-mcp\visual-regression.spec.js-snapshots\button-focus-webkit-win32.png is re-generated, writing actual.
âœ… Button states visual test completed
]]>
</system-out>
</testcase>
<testcase name="Visual Regression Testing â€º Dark mode visual consistency" classname="visual-regression.spec.js" time="5.331">
<system-out>
<![CDATA[â„¹ï¸ No dark mode toggle found
]]>
</system-out>
</testcase>
<testcase name="Visual Regression Testing â€º Error states visual consistency" classname="visual-regression.spec.js" time="4.01">
<system-out>
<![CDATA[â„¹ï¸ No login form found to test error states
]]>
</system-out>
</testcase>
</testsuite>
<testsuite name="application.spec.js" timestamp="2025-07-13T11:48:09.361Z" hostname="mobile-chrome" tests="8" failures="3" skipped="0" time="35.183" errors="0">
<testcase name="ResearchHub Application Tests â€º Homepage loads successfully" classname="application.spec.js" time="3.515">
<system-out>
<![CDATA[âœ… Homepage loaded successfully
]]>
</system-out>
</testcase>
<testcase name="ResearchHub Application Tests â€º Navigation elements are present" classname="application.spec.js" time="2.954">
<failure message="application.spec.js:19:3 Navigation elements are present" type="FAILURE">
<![CDATA[  [mobile-chrome] â€º application.spec.js:19:3 â€º ResearchHub Application Tests â€º Navigation elements are present 

    Error: expect.toBeVisible: Error: strict mode violation: locator('nav, [role="navigation"], header') resolved to 2 elements:
        1) <header class="bg-white/80 backdrop-blur-md shadow-sm border-b border-white/20 sticky top-0 z-50">â€¦</header> aka getByRole('banner')
        2) <nav class="hidden md:flex space-x-8">â€¦</nav> aka getByText('HomeFeaturesPricingAbout')

    Call log:
      - Expect "toBeVisible" with timeout 5000ms
      - waiting for locator('nav, [role="navigation"], header')


      23 |     // Look for common navigation elements
      24 |     const navigation = page.locator('nav, [role="navigation"], header');
    > 25 |     await expect(navigation).toBeVisible();
         |                              ^
      26 |     
      27 |     console.log('âœ… Navigation elements found');
      28 |   });
        at D:\MAMP\AfakarM\testing\playwright-mcp\application.spec.js:25:30

    attachment #1: screenshot (image/png) â”€â”€â”€â”€â”€â”€â”€â”€â”€â”€â”€â”€â”€â”€â”€â”€â”€â”€â”€â”€â”€â”€â”€â”€â”€â”€â”€â”€â”€â”€â”€â”€â”€â”€â”€â”€â”€â”€â”€â”€â”€â”€â”€â”€â”€â”€â”€â”€â”€â”€â”€â”€â”€â”€â”€â”€â”€â”€
    test-results\application-ResearchHub-Ap-a289a-gation-elements-are-present-mobile-chrome\test-failed-1.png
    â”€â”€â”€â”€â”€â”€â”€â”€â”€â”€â”€â”€â”€â”€â”€â”€â”€â”€â”€â”€â”€â”€â”€â”€â”€â”€â”€â”€â”€â”€â”€â”€â”€â”€â”€â”€â”€â”€â”€â”€â”€â”€â”€â”€â”€â”€â”€â”€â”€â”€â”€â”€â”€â”€â”€â”€â”€â”€â”€â”€â”€â”€â”€â”€â”€â”€â”€â”€â”€â”€â”€â”€â”€â”€â”€â”€â”€â”€â”€â”€â”€â”€â”€â”€â”€â”€â”€â”€â”€â”€â”€â”€â”€â”€â”€â”€

    attachment #2: video (video/webm) â”€â”€â”€â”€â”€â”€â”€â”€â”€â”€â”€â”€â”€â”€â”€â”€â”€â”€â”€â”€â”€â”€â”€â”€â”€â”€â”€â”€â”€â”€â”€â”€â”€â”€â”€â”€â”€â”€â”€â”€â”€â”€â”€â”€â”€â”€â”€â”€â”€â”€â”€â”€â”€â”€â”€â”€â”€â”€â”€â”€â”€â”€
    test-results\application-ResearchHub-Ap-a289a-gation-elements-are-present-mobile-chrome\video.webm
    â”€â”€â”€â”€â”€â”€â”€â”€â”€â”€â”€â”€â”€â”€â”€â”€â”€â”€â”€â”€â”€â”€â”€â”€â”€â”€â”€â”€â”€â”€â”€â”€â”€â”€â”€â”€â”€â”€â”€â”€â”€â”€â”€â”€â”€â”€â”€â”€â”€â”€â”€â”€â”€â”€â”€â”€â”€â”€â”€â”€â”€â”€â”€â”€â”€â”€â”€â”€â”€â”€â”€â”€â”€â”€â”€â”€â”€â”€â”€â”€â”€â”€â”€â”€â”€â”€â”€â”€â”€â”€â”€â”€â”€â”€â”€â”€

    Error Context: ..\..\test-results\application-ResearchHub-Ap-a289a-gation-elements-are-present-mobile-chrome\error-context.md
]]>
</failure>
<system-out>
<![CDATA[
[[ATTACHMENT|..\..\test-results\application-ResearchHub-Ap-a289a-gation-elements-are-present-mobile-chrome\test-failed-1.png]]

[[ATTACHMENT|..\..\test-results\application-ResearchHub-Ap-a289a-gation-elements-are-present-mobile-chrome\video.webm]]

[[ATTACHMENT|..\..\test-results\application-ResearchHub-Ap-a289a-gation-elements-are-present-mobile-chrome\error-context.md]]
]]>
</system-out>
</testcase>
<testcase name="ResearchHub Application Tests â€º Login page is accessible" classname="application.spec.js" time="2.878">
<system-out>
<![CDATA[âœ… Login page accessible
]]>
</system-out>
</testcase>
<testcase name="ResearchHub Application Tests â€º Register page is accessible" classname="application.spec.js" time="2.115">
<system-out>
<![CDATA[âœ… Register page accessible
]]>
</system-out>
</testcase>
<testcase name="ResearchHub Application Tests â€º API health check" classname="application.spec.js" time="0.093">
<failure message="application.spec.js:55:3 API health check" type="FAILURE">
<![CDATA[  [mobile-chrome] â€º application.spec.js:55:3 â€º ResearchHub Application Tests â€º API health check â”€â”€â”€â”€

    Error: expect(received).toBe(expected) // Object.is equality

    Expected: "healthy"
    Received: "operational"

      58 |     
      59 |     const body = await response.json();
    > 60 |     expect(body.status).toBe('healthy');
         |                         ^
      61 |     
      62 |     console.log('âœ… API health check passed');
      63 |   });
        at D:\MAMP\AfakarM\testing\playwright-mcp\application.spec.js:60:25
]]>
</failure>
</testcase>
<testcase name="ResearchHub Application Tests â€º Studies page is accessible" classname="application.spec.js" time="7.28">
<failure message="application.spec.js:65:3 Studies page is accessible" type="FAILURE">
<![CDATA[  [mobile-chrome] â€º application.spec.js:65:3 â€º ResearchHub Application Tests â€º Studies page is accessible 

    Error: Timed out 5000ms waiting for expect(locator).toBeVisible()

    Locator: locator('h1, h2, [data-testid="studies"], .studies').first()
    Expected: visible
    Received: <element(s) not found>
    Call log:
      - Expect "toBeVisible" with timeout 5000ms
      - waiting for locator('h1, h2, [data-testid="studies"], .studies').first()


      69 |     // Should not throw an error
      70 |     const heading = page.locator('h1, h2, [data-testid="studies"], .studies');
    > 71 |     await expect(heading.first()).toBeVisible();
         |                                   ^
      72 |     
      73 |     console.log('âœ… Studies page accessible');
      74 |   });
        at D:\MAMP\AfakarM\testing\playwright-mcp\application.spec.js:71:35

    attachment #1: screenshot (image/png) â”€â”€â”€â”€â”€â”€â”€â”€â”€â”€â”€â”€â”€â”€â”€â”€â”€â”€â”€â”€â”€â”€â”€â”€â”€â”€â”€â”€â”€â”€â”€â”€â”€â”€â”€â”€â”€â”€â”€â”€â”€â”€â”€â”€â”€â”€â”€â”€â”€â”€â”€â”€â”€â”€â”€â”€â”€â”€
    test-results\application-ResearchHub-Ap-3451b--Studies-page-is-accessible-mobile-chrome\test-failed-1.png
    â”€â”€â”€â”€â”€â”€â”€â”€â”€â”€â”€â”€â”€â”€â”€â”€â”€â”€â”€â”€â”€â”€â”€â”€â”€â”€â”€â”€â”€â”€â”€â”€â”€â”€â”€â”€â”€â”€â”€â”€â”€â”€â”€â”€â”€â”€â”€â”€â”€â”€â”€â”€â”€â”€â”€â”€â”€â”€â”€â”€â”€â”€â”€â”€â”€â”€â”€â”€â”€â”€â”€â”€â”€â”€â”€â”€â”€â”€â”€â”€â”€â”€â”€â”€â”€â”€â”€â”€â”€â”€â”€â”€â”€â”€â”€â”€

    attachment #2: video (video/webm) â”€â”€â”€â”€â”€â”€â”€â”€â”€â”€â”€â”€â”€â”€â”€â”€â”€â”€â”€â”€â”€â”€â”€â”€â”€â”€â”€â”€â”€â”€â”€â”€â”€â”€â”€â”€â”€â”€â”€â”€â”€â”€â”€â”€â”€â”€â”€â”€â”€â”€â”€â”€â”€â”€â”€â”€â”€â”€â”€â”€â”€â”€
    test-results\application-ResearchHub-Ap-3451b--Studies-page-is-accessible-mobile-chrome\video.webm
    â”€â”€â”€â”€â”€â”€â”€â”€â”€â”€â”€â”€â”€â”€â”€â”€â”€â”€â”€â”€â”€â”€â”€â”€â”€â”€â”€â”€â”€â”€â”€â”€â”€â”€â”€â”€â”€â”€â”€â”€â”€â”€â”€â”€â”€â”€â”€â”€â”€â”€â”€â”€â”€â”€â”€â”€â”€â”€â”€â”€â”€â”€â”€â”€â”€â”€â”€â”€â”€â”€â”€â”€â”€â”€â”€â”€â”€â”€â”€â”€â”€â”€â”€â”€â”€â”€â”€â”€â”€â”€â”€â”€â”€â”€â”€â”€
]]>
</failure>
<system-out>
<![CDATA[
[[ATTACHMENT|..\..\test-results\application-ResearchHub-Ap-3451b--Studies-page-is-accessible-mobile-chrome\test-failed-1.png]]

[[ATTACHMENT|..\..\test-results\application-ResearchHub-Ap-3451b--Studies-page-is-accessible-mobile-chrome\video.webm]]
]]>
</system-out>
</testcase>
<testcase name="ResearchHub Application Tests â€º Application has no console errors" classname="application.spec.js" time="4.576">
<system-out>
<![CDATA[âœ… No critical console errors
]]>
</system-out>
</testcase>
<testcase name="ResearchHub Application Tests â€º Responsive design check" classname="application.spec.js" time="11.772">
<system-out>
<![CDATA[âœ… Responsive design screenshots captured
]]>
</system-out>
</testcase>
</testsuite>
<testsuite name="cross-browser-tests.spec.js" timestamp="2025-07-13T11:48:09.361Z" hostname="mobile-chrome" tests="8" failures="1" skipped="0" time="90.775" errors="0">
<testcase name="Cross-Browser Compatibility â€º Homepage renders correctly across browsers" classname="cross-browser-tests.spec.js" time="2.64">
<system-out>
<![CDATA[âœ… chromium: Homepage renders correctly
]]>
</system-out>
</testcase>
<testcase name="Cross-Browser Compatibility â€º Navigation works across browsers" classname="cross-browser-tests.spec.js" time="31.995">
<failure message="cross-browser-tests.spec.js:31:3 Navigation works across browsers" type="FAILURE">
<![CDATA[  [mobile-chrome] â€º cross-browser-tests.spec.js:31:3 â€º Cross-Browser Compatibility â€º Navigation works across browsers 

    Test timeout of 30000ms exceeded.

    Error: locator.click: Test timeout of 30000ms exceeded.
    Call log:
      - waiting for locator('nav a, .nav a, [role="navigation"] a').first()
        - locator resolved to <a href="/" data-discover="true" class="text-sm font-medium transition-colors text-primary-600 border-b-2 border-primary-600 pb-1">Home</a>
      - attempting click action
        2 Ã— waiting for element to be visible, enabled and stable
          - element is not visible
        - retrying click action
        - waiting 20ms
        2 Ã— waiting for element to be visible, enabled and stable
          - element is not visible
        - retrying click action
          - waiting 100ms
        51 Ã— waiting for element to be visible, enabled and stable
           - element is not visible
         - retrying click action
           - waiting 500ms


      42 |       
      43 |       if (href && !href.startsWith('http')) {
    > 44 |         await firstLink.click();
         |                         ^
      45 |         await page.waitForLoadState('networkidle');
      46 |         
      47 |         // Verify navigation occurred
        at D:\MAMP\AfakarM\testing\playwright-mcp\cross-browser-tests.spec.js:44:25

    attachment #1: screenshot (image/png) â”€â”€â”€â”€â”€â”€â”€â”€â”€â”€â”€â”€â”€â”€â”€â”€â”€â”€â”€â”€â”€â”€â”€â”€â”€â”€â”€â”€â”€â”€â”€â”€â”€â”€â”€â”€â”€â”€â”€â”€â”€â”€â”€â”€â”€â”€â”€â”€â”€â”€â”€â”€â”€â”€â”€â”€â”€â”€
    test-results\cross-browser-tests-Cross--2089a-ation-works-across-browsers-mobile-chrome\test-failed-1.png
    â”€â”€â”€â”€â”€â”€â”€â”€â”€â”€â”€â”€â”€â”€â”€â”€â”€â”€â”€â”€â”€â”€â”€â”€â”€â”€â”€â”€â”€â”€â”€â”€â”€â”€â”€â”€â”€â”€â”€â”€â”€â”€â”€â”€â”€â”€â”€â”€â”€â”€â”€â”€â”€â”€â”€â”€â”€â”€â”€â”€â”€â”€â”€â”€â”€â”€â”€â”€â”€â”€â”€â”€â”€â”€â”€â”€â”€â”€â”€â”€â”€â”€â”€â”€â”€â”€â”€â”€â”€â”€â”€â”€â”€â”€â”€â”€

    attachment #2: video (video/webm) â”€â”€â”€â”€â”€â”€â”€â”€â”€â”€â”€â”€â”€â”€â”€â”€â”€â”€â”€â”€â”€â”€â”€â”€â”€â”€â”€â”€â”€â”€â”€â”€â”€â”€â”€â”€â”€â”€â”€â”€â”€â”€â”€â”€â”€â”€â”€â”€â”€â”€â”€â”€â”€â”€â”€â”€â”€â”€â”€â”€â”€â”€
    test-results\cross-browser-tests-Cross--2089a-ation-works-across-browsers-mobile-chrome\video.webm
    â”€â”€â”€â”€â”€â”€â”€â”€â”€â”€â”€â”€â”€â”€â”€â”€â”€â”€â”€â”€â”€â”€â”€â”€â”€â”€â”€â”€â”€â”€â”€â”€â”€â”€â”€â”€â”€â”€â”€â”€â”€â”€â”€â”€â”€â”€â”€â”€â”€â”€â”€â”€â”€â”€â”€â”€â”€â”€â”€â”€â”€â”€â”€â”€â”€â”€â”€â”€â”€â”€â”€â”€â”€â”€â”€â”€â”€â”€â”€â”€â”€â”€â”€â”€â”€â”€â”€â”€â”€â”€â”€â”€â”€â”€â”€â”€

    Error Context: ..\..\test-results\cross-browser-tests-Cross--2089a-ation-works-across-browsers-mobile-chrome\error-context.md
]]>
</failure>
<system-out>
<![CDATA[
[[ATTACHMENT|..\..\test-results\cross-browser-tests-Cross--2089a-ation-works-across-browsers-mobile-chrome\test-failed-1.png]]

[[ATTACHMENT|..\..\test-results\cross-browser-tests-Cross--2089a-ation-works-across-browsers-mobile-chrome\video.webm]]

[[ATTACHMENT|..\..\test-results\cross-browser-tests-Cross--2089a-ation-works-across-browsers-mobile-chrome\error-context.md]]
]]>
</system-out>
</testcase>
<testcase name="Cross-Browser Compatibility â€º Forms work across browsers" classname="cross-browser-tests.spec.js" time="2.408">
<system-out>
<![CDATA[âœ… chromium: Form test completed
]]>
</system-out>
</testcase>
<testcase name="Responsive Design Testing â€º Layout works on Mobile" classname="cross-browser-tests.spec.js" time="9.071">
<system-out>
<![CDATA[âœ… Mobile (375x667): Layout test passed
]]>
</system-out>
</testcase>
<testcase name="Responsive Design Testing â€º Layout works on Tablet" classname="cross-browser-tests.spec.js" time="12.811">
<system-out>
<![CDATA[âœ… Tablet (768x1024): Layout test passed
]]>
</system-out>
</testcase>
<testcase name="Responsive Design Testing â€º Layout works on Desktop" classname="cross-browser-tests.spec.js" time="12.457">
<system-out>
<![CDATA[âœ… Desktop (1280x720): Layout test passed
]]>
</system-out>
</testcase>
<testcase name="Responsive Design Testing â€º Layout works on Large Desktop" classname="cross-browser-tests.spec.js" time="15.81">
<system-out>
<![CDATA[âœ… Large Desktop (1920x1080): Layout test passed
]]>
</system-out>
</testcase>
<testcase name="Responsive Design Testing â€º Mobile navigation works" classname="cross-browser-tests.spec.js" time="3.583">
<system-out>
<![CDATA[âœ… Mobile navigation test completed (menu found: false)
]]>
</system-out>
</testcase>
</testsuite>
<testsuite name="mcp-integration-test.spec.js" timestamp="2025-07-13T11:48:09.361Z" hostname="mobile-chrome" tests="2" failures="0" skipped="0" time="10.541" errors="0">
<testcase name="Playwright MCP Integration Test â€º should be able to navigate to ResearchHub homepage" classname="mcp-integration-test.spec.js" time="7.965">
<system-out>
<![CDATA[Page title: Afkar - User Testing Research Platform
âœ… Playwright MCP integration test completed successfully
]]>
</system-out>
</testcase>
<testcase name="Playwright MCP Integration Test â€º should be able to interact with navigation elements" classname="mcp-integration-test.spec.js" time="2.576">
<system-out>
<![CDATA[Found 2 navigation elements
âœ… Navigation interaction test passed
]]>
</system-out>
</testcase>
</testsuite>
<testsuite name="researcher-participant-workflow.spec.js" timestamp="2025-07-13T11:48:09.361Z" hostname="mobile-chrome" tests="2" failures="2" skipped="0" time="27.59" errors="0">
<testcase name="Complete Researcher â†’ Participant Workflow â€º Full workflow: Create study â†’ Participant completes â†’ View results" classname="researcher-participant-workflow.spec.js" time="22.476">
<failure message="researcher-participant-workflow.spec.js:50:3 Full workflow: Create study â†’ Participant completes â†’ View results" type="FAILURE">
<![CDATA[  [mobile-chrome] â€º researcher-participant-workflow.spec.js:50:3 â€º Complete Researcher â†’ Participant Workflow â€º Full workflow: Create study â†’ Participant completes â†’ View results 

    Error: expect(received).toBeTruthy()

    Received: undefined

      499 |     
      500 |     // Validate the complete workflow
    > 501 |     expect(authResult.success).toBeTruthy();
          |                                ^
      502 |     expect(participantAuthResult.success).toBeTruthy();
      503 |     expect(studyTitle).toBeTruthy();
      504 |     
        at D:\MAMP\AfakarM\testing\playwright-mcp\researcher-participant-workflow.spec.js:501:32

    attachment #1: screenshot (image/png) â”€â”€â”€â”€â”€â”€â”€â”€â”€â”€â”€â”€â”€â”€â”€â”€â”€â”€â”€â”€â”€â”€â”€â”€â”€â”€â”€â”€â”€â”€â”€â”€â”€â”€â”€â”€â”€â”€â”€â”€â”€â”€â”€â”€â”€â”€â”€â”€â”€â”€â”€â”€â”€â”€â”€â”€â”€â”€
    test-results\researcher-participant-wor-b9720-nt-completes-â†’-View-results-mobile-chrome\test-failed-1.png
    â”€â”€â”€â”€â”€â”€â”€â”€â”€â”€â”€â”€â”€â”€â”€â”€â”€â”€â”€â”€â”€â”€â”€â”€â”€â”€â”€â”€â”€â”€â”€â”€â”€â”€â”€â”€â”€â”€â”€â”€â”€â”€â”€â”€â”€â”€â”€â”€â”€â”€â”€â”€â”€â”€â”€â”€â”€â”€â”€â”€â”€â”€â”€â”€â”€â”€â”€â”€â”€â”€â”€â”€â”€â”€â”€â”€â”€â”€â”€â”€â”€â”€â”€â”€â”€â”€â”€â”€â”€â”€â”€â”€â”€â”€â”€â”€

    attachment #2: video (video/webm) â”€â”€â”€â”€â”€â”€â”€â”€â”€â”€â”€â”€â”€â”€â”€â”€â”€â”€â”€â”€â”€â”€â”€â”€â”€â”€â”€â”€â”€â”€â”€â”€â”€â”€â”€â”€â”€â”€â”€â”€â”€â”€â”€â”€â”€â”€â”€â”€â”€â”€â”€â”€â”€â”€â”€â”€â”€â”€â”€â”€â”€â”€
    test-results\researcher-participant-wor-b9720-nt-completes-â†’-View-results-mobile-chrome\video.webm
    â”€â”€â”€â”€â”€â”€â”€â”€â”€â”€â”€â”€â”€â”€â”€â”€â”€â”€â”€â”€â”€â”€â”€â”€â”€â”€â”€â”€â”€â”€â”€â”€â”€â”€â”€â”€â”€â”€â”€â”€â”€â”€â”€â”€â”€â”€â”€â”€â”€â”€â”€â”€â”€â”€â”€â”€â”€â”€â”€â”€â”€â”€â”€â”€â”€â”€â”€â”€â”€â”€â”€â”€â”€â”€â”€â”€â”€â”€â”€â”€â”€â”€â”€â”€â”€â”€â”€â”€â”€â”€â”€â”€â”€â”€â”€â”€

    Error Context: ..\..\test-results\researcher-participant-wor-b9720-nt-completes-â†’-View-results-mobile-chrome\error-context.md
]]>
</failure>
<system-out>
<![CDATA[ðŸš€ Starting complete researcher-participant workflow test...
ðŸ“ Step 1: Researcher Authentication
âœ… Researcher authentication result: { error: [32m'Failed to fetch'[39m }
ðŸ“š Step 2: Create New Study
âœ… Clicked create study button: button:has-text("Create Study")
âœï¸ Step 3: Fill Study Details
ðŸ§© Step 4: Add Study Blocks
ðŸ’¾ Step 5: Save and Publish Study
ðŸ” Step 6: Get Study ID
ðŸ“‹ Study ID: null
ðŸ“‹ Study Title: Test Study - 2025-07-13T11:50
ðŸ‘¤ Step 7: Switch to Participant
âœ… Participant authentication result: { error: [32m'Failed to fetch'[39m }
ðŸ“ Step 8: Participant Applies to Study
âœ… Step 9: Participant Completes Study
ðŸ“Š Step 10: Researcher Views Results
ðŸŽ¯ Final Validation

[[ATTACHMENT|..\..\test-results\researcher-participant-wor-b9720-nt-completes-â†’-View-results-mobile-chrome\test-failed-1.png]]

[[ATTACHMENT|..\..\test-results\researcher-participant-wor-b9720-nt-completes-â†’-View-results-mobile-chrome\video.webm]]

[[ATTACHMENT|..\..\test-results\researcher-participant-wor-b9720-nt-completes-â†’-View-results-mobile-chrome\error-context.md]]
]]>
</system-out>
</testcase>
<testcase name="Complete Researcher â†’ Participant Workflow â€º API-based workflow validation" classname="researcher-participant-workflow.spec.js" time="5.114">
<failure message="researcher-participant-workflow.spec.js:510:3 API-based workflow validation" type="FAILURE">
<![CDATA[  [mobile-chrome] â€º researcher-participant-workflow.spec.js:510:3 â€º Complete Researcher â†’ Participant Workflow â€º API-based workflow validation 

    Error: expect(received).toBeTruthy()

    Received: undefined

      539 |     console.log('ðŸ” API Test Results:', apiTests);
      540 |     
    > 541 |     expect(apiTests.health?.success).toBeTruthy();
          |                                      ^
      542 |     expect(apiTests.auth?.success).toBeTruthy();
      543 |   });
      544 | });
        at D:\MAMP\AfakarM\testing\playwright-mcp\researcher-participant-workflow.spec.js:541:38

    attachment #1: screenshot (image/png) â”€â”€â”€â”€â”€â”€â”€â”€â”€â”€â”€â”€â”€â”€â”€â”€â”€â”€â”€â”€â”€â”€â”€â”€â”€â”€â”€â”€â”€â”€â”€â”€â”€â”€â”€â”€â”€â”€â”€â”€â”€â”€â”€â”€â”€â”€â”€â”€â”€â”€â”€â”€â”€â”€â”€â”€â”€â”€
    test-results\researcher-participant-wor-ab7c3-I-based-workflow-validation-mobile-chrome\test-failed-1.png
    â”€â”€â”€â”€â”€â”€â”€â”€â”€â”€â”€â”€â”€â”€â”€â”€â”€â”€â”€â”€â”€â”€â”€â”€â”€â”€â”€â”€â”€â”€â”€â”€â”€â”€â”€â”€â”€â”€â”€â”€â”€â”€â”€â”€â”€â”€â”€â”€â”€â”€â”€â”€â”€â”€â”€â”€â”€â”€â”€â”€â”€â”€â”€â”€â”€â”€â”€â”€â”€â”€â”€â”€â”€â”€â”€â”€â”€â”€â”€â”€â”€â”€â”€â”€â”€â”€â”€â”€â”€â”€â”€â”€â”€â”€â”€â”€

    attachment #2: video (video/webm) â”€â”€â”€â”€â”€â”€â”€â”€â”€â”€â”€â”€â”€â”€â”€â”€â”€â”€â”€â”€â”€â”€â”€â”€â”€â”€â”€â”€â”€â”€â”€â”€â”€â”€â”€â”€â”€â”€â”€â”€â”€â”€â”€â”€â”€â”€â”€â”€â”€â”€â”€â”€â”€â”€â”€â”€â”€â”€â”€â”€â”€â”€
    test-results\researcher-participant-wor-ab7c3-I-based-workflow-validation-mobile-chrome\video.webm
    â”€â”€â”€â”€â”€â”€â”€â”€â”€â”€â”€â”€â”€â”€â”€â”€â”€â”€â”€â”€â”€â”€â”€â”€â”€â”€â”€â”€â”€â”€â”€â”€â”€â”€â”€â”€â”€â”€â”€â”€â”€â”€â”€â”€â”€â”€â”€â”€â”€â”€â”€â”€â”€â”€â”€â”€â”€â”€â”€â”€â”€â”€â”€â”€â”€â”€â”€â”€â”€â”€â”€â”€â”€â”€â”€â”€â”€â”€â”€â”€â”€â”€â”€â”€â”€â”€â”€â”€â”€â”€â”€â”€â”€â”€â”€â”€

    Error Context: ..\..\test-results\researcher-participant-wor-ab7c3-I-based-workflow-validation-mobile-chrome\error-context.md
]]>
</failure>
<system-out>
<![CDATA[ðŸ”§ Running API-based workflow validation...
ðŸ” API Test Results: { error: [32m'Failed to fetch'[39m }

[[ATTACHMENT|..\..\test-results\researcher-participant-wor-ab7c3-I-based-workflow-validation-mobile-chrome\test-failed-1.png]]

[[ATTACHMENT|..\..\test-results\researcher-participant-wor-ab7c3-I-based-workflow-validation-mobile-chrome\video.webm]]

[[ATTACHMENT|..\..\test-results\researcher-participant-wor-ab7c3-I-based-workflow-validation-mobile-chrome\error-context.md]]
]]>
</system-out>
</testcase>
</testsuite>
<testsuite name="study-creation-flow.spec.js" timestamp="2025-07-13T11:48:09.361Z" hostname="mobile-chrome" tests="6" failures="1" skipped="0" time="23.738" errors="0">
<testcase name="ResearchHub Study Creation Flow â€º Landing page loads correctly" classname="study-creation-flow.spec.js" time="2.931">
<failure message="study-creation-flow.spec.js:17:3 Landing page loads correctly" type="FAILURE">
<![CDATA[  [mobile-chrome] â€º study-creation-flow.spec.js:17:3 â€º ResearchHub Study Creation Flow â€º Landing page loads correctly 

    Error: expect(received).toBeTruthy()

    Received: false

      25 |     
      26 |     // One of these should be visible
    > 27 |     expect(hasLoginForm || hasDashboard).toBeTruthy();
         |                                          ^
      28 |     
      29 |     console.log('âœ… Landing page loaded successfully');
      30 |   });
        at D:\MAMP\AfakarM\testing\playwright-mcp\study-creation-flow.spec.js:27:42

    attachment #1: screenshot (image/png) â”€â”€â”€â”€â”€â”€â”€â”€â”€â”€â”€â”€â”€â”€â”€â”€â”€â”€â”€â”€â”€â”€â”€â”€â”€â”€â”€â”€â”€â”€â”€â”€â”€â”€â”€â”€â”€â”€â”€â”€â”€â”€â”€â”€â”€â”€â”€â”€â”€â”€â”€â”€â”€â”€â”€â”€â”€â”€
    test-results\study-creation-flow-Resear-fe87e-anding-page-loads-correctly-mobile-chrome\test-failed-1.png
    â”€â”€â”€â”€â”€â”€â”€â”€â”€â”€â”€â”€â”€â”€â”€â”€â”€â”€â”€â”€â”€â”€â”€â”€â”€â”€â”€â”€â”€â”€â”€â”€â”€â”€â”€â”€â”€â”€â”€â”€â”€â”€â”€â”€â”€â”€â”€â”€â”€â”€â”€â”€â”€â”€â”€â”€â”€â”€â”€â”€â”€â”€â”€â”€â”€â”€â”€â”€â”€â”€â”€â”€â”€â”€â”€â”€â”€â”€â”€â”€â”€â”€â”€â”€â”€â”€â”€â”€â”€â”€â”€â”€â”€â”€â”€â”€

    attachment #2: video (video/webm) â”€â”€â”€â”€â”€â”€â”€â”€â”€â”€â”€â”€â”€â”€â”€â”€â”€â”€â”€â”€â”€â”€â”€â”€â”€â”€â”€â”€â”€â”€â”€â”€â”€â”€â”€â”€â”€â”€â”€â”€â”€â”€â”€â”€â”€â”€â”€â”€â”€â”€â”€â”€â”€â”€â”€â”€â”€â”€â”€â”€â”€â”€
    test-results\study-creation-flow-Resear-fe87e-anding-page-loads-correctly-mobile-chrome\video.webm
    â”€â”€â”€â”€â”€â”€â”€â”€â”€â”€â”€â”€â”€â”€â”€â”€â”€â”€â”€â”€â”€â”€â”€â”€â”€â”€â”€â”€â”€â”€â”€â”€â”€â”€â”€â”€â”€â”€â”€â”€â”€â”€â”€â”€â”€â”€â”€â”€â”€â”€â”€â”€â”€â”€â”€â”€â”€â”€â”€â”€â”€â”€â”€â”€â”€â”€â”€â”€â”€â”€â”€â”€â”€â”€â”€â”€â”€â”€â”€â”€â”€â”€â”€â”€â”€â”€â”€â”€â”€â”€â”€â”€â”€â”€â”€â”€

    Error Context: ..\..\test-results\study-creation-flow-Resear-fe87e-anding-page-loads-correctly-mobile-chrome\error-context.md
]]>
</failure>
<system-out>
<![CDATA[
[[ATTACHMENT|..\..\test-results\study-creation-flow-Resear-fe87e-anding-page-loads-correctly-mobile-chrome\test-failed-1.png]]

[[ATTACHMENT|..\..\test-results\study-creation-flow-Resear-fe87e-anding-page-loads-correctly-mobile-chrome\video.webm]]

[[ATTACHMENT|..\..\test-results\study-creation-flow-Resear-fe87e-anding-page-loads-correctly-mobile-chrome\error-context.md]]
]]>
</system-out>
</testcase>
<testcase name="ResearchHub Study Creation Flow â€º Authentication flow works" classname="study-creation-flow.spec.js" time="2.525">
<system-out>
<![CDATA[âœ… Authentication successful
]]>
</system-out>
</testcase>
<testcase name="ResearchHub Study Creation Flow â€º Navigation to study creation" classname="study-creation-flow.spec.js" time="5.358">
<system-out>
<![CDATA[â„¹ï¸ No create button found - might be on a different page structure
âœ… Study creation navigation completed (creation interface: false)
]]>
</system-out>
</testcase>
<testcase name="ResearchHub Study Creation Flow â€º Basic UI elements are functional" classname="study-creation-flow.spec.js" time="6.88">
<system-out>
<![CDATA[âœ… UI elements are functional and responsive
]]>
</system-out>
</testcase>
<testcase name="ResearchHub Study Creation Flow â€º Error handling works" classname="study-creation-flow.spec.js" time="2.309">
<system-out>
<![CDATA[âœ… No login form found - skipping error test
]]>
</system-out>
</testcase>
<testcase name="ResearchHub Study Creation Flow â€º Performance test - page load times" classname="study-creation-flow.spec.js" time="3.735">
<system-out>
<![CDATA[âœ… Page load time: 798ms
]]>
</system-out>
</testcase>
</testsuite>
<testsuite name="visual-regression.spec.js" timestamp="2025-07-13T11:48:09.361Z" hostname="mobile-chrome" tests="7" failures="0" skipped="0" time="35.847" errors="0">
<testcase name="Visual Regression Testing â€º Homepage visual consistency" classname="visual-regression.spec.js" time="8.447">
<system-out>
<![CDATA[D:\MAMP\AfakarM\testing\playwright-mcp\visual-regression.spec.js-snapshots\homepage-full-mobile-chrome-win32.png is re-generated, writing actual.
âœ… Homepage visual regression test completed
]]>
</system-out>
</testcase>
<testcase name="Visual Regression Testing â€º Login form visual consistency" classname="visual-regression.spec.js" time="8.114">
<system-out>
<![CDATA[D:\MAMP\AfakarM\testing\playwright-mcp\visual-regression.spec.js-snapshots\main-content-mobile-chrome-win32.png is re-generated, writing actual.
âœ… Main content visual test completed
]]>
</system-out>
</testcase>
<testcase name="Visual Regression Testing â€º Navigation visual consistency" classname="visual-regression.spec.js" time="3.936">
<system-out>
<![CDATA[D:\MAMP\AfakarM\testing\playwright-mcp\visual-regression.spec.js-snapshots\navigation-mobile-chrome-win32.png is re-generated, writing actual.
âœ… Navigation visual test completed
]]>
</system-out>
</testcase>
<testcase name="Visual Regression Testing â€º Mobile layout visual consistency" classname="visual-regression.spec.js" time="7.318">
<system-out>
<![CDATA[D:\MAMP\AfakarM\testing\playwright-mcp\visual-regression.spec.js-snapshots\mobile-layout-mobile-chrome-win32.png is re-generated, writing actual.
âœ… Mobile layout visual test completed
]]>
</system-out>
</testcase>
<testcase name="Visual Regression Testing â€º Button states visual consistency" classname="visual-regression.spec.js" time="3.364">
<system-out>
<![CDATA[âœ… Button states visual test completed
]]>
</system-out>
</testcase>
<testcase name="Visual Regression Testing â€º Dark mode visual consistency" classname="visual-regression.spec.js" time="2.34">
<system-out>
<![CDATA[â„¹ï¸ No dark mode toggle found
]]>
</system-out>
</testcase>
<testcase name="Visual Regression Testing â€º Error states visual consistency" classname="visual-regression.spec.js" time="2.328">
<system-out>
<![CDATA[â„¹ï¸ No login form found to test error states
]]>
</system-out>
</testcase>
</testsuite>
</testsuites>