<testsuites id="" name="" tests="4" failures="3" skipped="0" errors="0" time="15.657066">
<testsuite name="enhanced-participant-profile.spec.js" timestamp="2025-08-08T22:14:15.372Z" hostname="chromium" tests="4" failures="3" skipped="0" time="42.451" errors="0">
<testcase name="Enhanced Participant Profile &amp; Study Matching › should update participant demographics and filter studies accordingly" classname="enhanced-participant-profile.spec.js" time="13.137">
<failure message="enhanced-participant-profile.spec.js:18:3 should update participant demographics and filter studies accordingly" type="FAILURE">
<![CDATA[  [chromium] › enhanced-participant-profile.spec.js:18:3 › Enhanced Participant Profile & Study Matching › should update participant demographics and filter studies accordingly 

    TimeoutError: page.waitForURL: Timeout 10000ms exceeded.
    =========================== logs ===========================
    waiting for navigation to "**/participant/**" until "load"
      navigated to "http://localhost:5175/app"
      navigated to "http://localhost:5175/app/participant-dashboard"
      navigated to "http://localhost:5175/app/participant-dashboard"
    ============================================================

      26 |     
      27 |     // Wait for redirect
    > 28 |     await page.waitForURL('**/participant/**', { timeout: 10000 });
         |                ^
      29 |     
      30 |     // Navigate to settings
      31 |     await page.goto('http://localhost:5175/settings');
        at D:\MAMP\AfakarM\testing\playwright-mcp\enhanced-participant-profile.spec.js:28:16

    attachment #1: screenshot (image/png) ──────────────────────────────────────────────────────────
    test-results\enhanced-participant-profi-38ce6--filter-studies-accordingly-chromium\test-failed-1.png
    ────────────────────────────────────────────────────────────────────────────────────────────────

    attachment #2: video (video/webm) ──────────────────────────────────────────────────────────────
    test-results\enhanced-participant-profi-38ce6--filter-studies-accordingly-chromium\video.webm
    ────────────────────────────────────────────────────────────────────────────────────────────────

    Error Context: ..\..\test-results\enhanced-participant-profi-38ce6--filter-studies-accordingly-chromium\error-context.md
]]>
</failure>
<system-out>
<![CDATA[
[[ATTACHMENT|..\..\test-results\enhanced-participant-profi-38ce6--filter-studies-accordingly-chromium\test-failed-1.png]]

[[ATTACHMENT|..\..\test-results\enhanced-participant-profi-38ce6--filter-studies-accordingly-chromium\video.webm]]

[[ATTACHMENT|..\..\test-results\enhanced-participant-profi-38ce6--filter-studies-accordingly-chromium\error-context.md]]
]]>
</system-out>
</testcase>
<testcase name="Enhanced Participant Profile &amp; Study Matching › should show demographics tab only for participants" classname="enhanced-participant-profile.spec.js" time="3.18">
<system-out>
<![CDATA[✅ Demographics tab correctly hidden for researcher role
]]>
</system-out>
</testcase>
<testcase name="Enhanced Participant Profile &amp; Study Matching › should require mandatory demographic fields" classname="enhanced-participant-profile.spec.js" time="12.79">
<failure message="enhanced-participant-profile.spec.js:148:3 should require mandatory demographic fields" type="FAILURE">
<![CDATA[  [chromium] › enhanced-participant-profile.spec.js:148:3 › Enhanced Participant Profile & Study Matching › should require mandatory demographic fields 

    TimeoutError: page.waitForURL: Timeout 10000ms exceeded.
    =========================== logs ===========================
    waiting for navigation to "**/participant/**" until "load"
      navigated to "http://localhost:5175/app"
      navigated to "http://localhost:5175/app/participant-dashboard"
      navigated to "http://localhost:5175/app/participant-dashboard"
    ============================================================

      156 |     
      157 |     // Wait for redirect
    > 158 |     await page.waitForURL('**/participant/**', { timeout: 10000 });
          |                ^
      159 |     
      160 |     // Navigate to settings
      161 |     await page.goto('http://localhost:5175/settings');
        at D:\MAMP\AfakarM\testing\playwright-mcp\enhanced-participant-profile.spec.js:158:16

    attachment #1: screenshot (image/png) ──────────────────────────────────────────────────────────
    test-results\enhanced-participant-profi-cb29b-andatory-demographic-fields-chromium\test-failed-1.png
    ────────────────────────────────────────────────────────────────────────────────────────────────

    attachment #2: video (video/webm) ──────────────────────────────────────────────────────────────
    test-results\enhanced-participant-profi-cb29b-andatory-demographic-fields-chromium\video.webm
    ────────────────────────────────────────────────────────────────────────────────────────────────

    Error Context: ..\..\test-results\enhanced-participant-profi-cb29b-andatory-demographic-fields-chromium\error-context.md
]]>
</failure>
<system-out>
<![CDATA[
[[ATTACHMENT|..\..\test-results\enhanced-participant-profi-cb29b-andatory-demographic-fields-chromium\test-failed-1.png]]

[[ATTACHMENT|..\..\test-results\enhanced-participant-profi-cb29b-andatory-demographic-fields-chromium\video.webm]]

[[ATTACHMENT|..\..\test-results\enhanced-participant-profi-cb29b-andatory-demographic-fields-chromium\error-context.md]]
]]>
</system-out>
</testcase>
<testcase name="Enhanced Participant Profile &amp; Study Matching › should demonstrate automatic study matching" classname="enhanced-participant-profile.spec.js" time="13.344">
<failure message="enhanced-participant-profile.spec.js:198:3 should demonstrate automatic study matching" type="FAILURE">
<![CDATA[  [chromium] › enhanced-participant-profile.spec.js:198:3 › Enhanced Participant Profile & Study Matching › should demonstrate automatic study matching 

    TimeoutError: page.waitForURL: Timeout 10000ms exceeded.
    =========================== logs ===========================
    waiting for navigation to "**/participant/**" until "load"
      navigated to "http://localhost:5175/app"
      navigated to "http://localhost:5175/app/participant-dashboard"
      navigated to "http://localhost:5175/app/participant-dashboard"
    ============================================================

      206 |     
      207 |     // Wait for redirect
    > 208 |     await page.waitForURL('**/participant/**', { timeout: 10000 });
          |                ^
      209 |     
      210 |     // Set specific demographics to test matching
      211 |     await page.goto('http://localhost:5175/settings');
        at D:\MAMP\AfakarM\testing\playwright-mcp\enhanced-participant-profile.spec.js:208:16

    attachment #1: screenshot (image/png) ──────────────────────────────────────────────────────────
    test-results\enhanced-participant-profi-977c0-te-automatic-study-matching-chromium\test-failed-1.png
    ────────────────────────────────────────────────────────────────────────────────────────────────

    attachment #2: video (video/webm) ──────────────────────────────────────────────────────────────
    test-results\enhanced-participant-profi-977c0-te-automatic-study-matching-chromium\video.webm
    ────────────────────────────────────────────────────────────────────────────────────────────────

    Error Context: ..\..\test-results\enhanced-participant-profi-977c0-te-automatic-study-matching-chromium\error-context.md
]]>
</failure>
<system-out>
<![CDATA[
[[ATTACHMENT|..\..\test-results\enhanced-participant-profi-977c0-te-automatic-study-matching-chromium\test-failed-1.png]]

[[ATTACHMENT|..\..\test-results\enhanced-participant-profi-977c0-te-automatic-study-matching-chromium\video.webm]]

[[ATTACHMENT|..\..\test-results\enhanced-participant-profi-977c0-te-automatic-study-matching-chromium\error-context.md]]
]]>
</system-out>
</testcase>
</testsuite>
</testsuites>