<testsuites id="" name="" tests="9" failures="0" skipped="0" errors="0" time="8.079231">
<testsuite name="researcher-use-cases-comprehensive.spec.js" timestamp="2025-07-20T07:36:48.554Z" hostname="chromium" tests="9" failures="0" skipped="0" time="28.23" errors="0">
<testcase name="UC-01 to UC-08: Study Design &amp; Creation › UC-01: Create New Usability Study from Scratch" classname="researcher-use-cases-comprehensive.spec.js" time="4.059">
<system-out>
<![CDATA[🧪 Testing UC-01: Create New Usability Study from Scratch
❌ UC-01 FAILED: Login failed: {"error":"Failed to fetch"}
]]>
</system-out>
</testcase>
<testcase name="UC-01 to UC-08: Study Design &amp; Creation › UC-03: Use Pre-built Research Template" classname="researcher-use-cases-comprehensive.spec.js" time="2.304">
<system-out>
<![CDATA[🧪 Testing UC-03: Use Pre-built Research Template
❌ UC-03 FAILED: Login failed: {"error":"Failed to fetch"}

================================================================================
🎯 RESEARCHER USE CASES TESTING COMPLETE
================================================================================

✅ PASSED (0):

⚠️ PARTIALLY WORKING (0):

❌ FAILED (2):
   - UC-01: Login failed: {"error":"Failed to fetch"}
   - UC-03: Login failed: {"error":"Failed to fetch"}

🚧 NOT IMPLEMENTED (0):

📊 SUMMARY:
   Total Use Cases Tested: 2/32
   Success Rate: 0%
   Partial Implementation: 0%
   Implementation Gaps: 0%

📁 Screenshots saved to: testing/playwright-mcp/use-case-screenshots/
================================================================================
]]>
</system-out>
</testcase>
<testcase name="UC-09 to UC-14: Participant Management › UC-09: Review and Approve Participant Applications" classname="researcher-use-cases-comprehensive.spec.js" time="3.857">
<system-out>
<![CDATA[🧪 Testing UC-09: Review and Approve Participant Applications
❌ UC-09 FAILED: Login failed: {"error":"Failed to fetch"}
]]>
</system-out>
</testcase>
<testcase name="UC-15 to UC-19: Study Execution &amp; Monitoring › UC-15: Launch Study and Begin Participant Recruitment" classname="researcher-use-cases-comprehensive.spec.js" time="2.361">
<system-out>
<![CDATA[🧪 Testing UC-15: Launch Study and Begin Participant Recruitment
❌ UC-15 FAILED: Login failed: {"error":"Failed to fetch"}

================================================================================
🎯 RESEARCHER USE CASES TESTING COMPLETE
================================================================================

✅ PASSED (0):

⚠️ PARTIALLY WORKING (0):

❌ FAILED (2):
   - UC-09: Login failed: {"error":"Failed to fetch"}
   - UC-15: Login failed: {"error":"Failed to fetch"}

🚧 NOT IMPLEMENTED (0):

📊 SUMMARY:
   Total Use Cases Tested: 2/32
   Success Rate: 0%
   Partial Implementation: 0%
   Implementation Gaps: 0%

📁 Screenshots saved to: testing/playwright-mcp/use-case-screenshots/
================================================================================
]]>
</system-out>
</testcase>
<testcase name="UC-15 to UC-19: Study Execution &amp; Monitoring › UC-16: Monitor Live Study Performance" classname="researcher-use-cases-comprehensive.spec.js" time="3.624">
<system-out>
<![CDATA[🧪 Testing UC-16: Monitor Live Study Performance
❌ UC-16 FAILED: Login failed: {"error":"Failed to fetch"}
]]>
</system-out>
</testcase>
<testcase name="UC-20 to UC-26: Results &amp; Analytics › UC-20: Access Real-time Study Results Dashboard" classname="researcher-use-cases-comprehensive.spec.js" time="2.353">
<system-out>
<![CDATA[🧪 Testing UC-20: Access Real-time Study Results Dashboard
❌ UC-20 FAILED: Login failed: {"error":"Failed to fetch"}

================================================================================
🎯 RESEARCHER USE CASES TESTING COMPLETE
================================================================================

✅ PASSED (0):

⚠️ PARTIALLY WORKING (0):

❌ FAILED (2):
   - UC-16: Login failed: {"error":"Failed to fetch"}
   - UC-20: Login failed: {"error":"Failed to fetch"}

🚧 NOT IMPLEMENTED (0):

📊 SUMMARY:
   Total Use Cases Tested: 2/32
   Success Rate: 0%
   Partial Implementation: 0%
   Implementation Gaps: 0%

📁 Screenshots saved to: testing/playwright-mcp/use-case-screenshots/
================================================================================
]]>
</system-out>
</testcase>
<testcase name="UC-27 to UC-29: Template &amp; Asset Management › UC-27: Create and Save Custom Study Templates" classname="researcher-use-cases-comprehensive.spec.js" time="3.65">
<system-out>
<![CDATA[🧪 Testing UC-27: Create and Save Custom Study Templates
❌ UC-27 FAILED: Login failed: {"error":"Failed to fetch"}
]]>
</system-out>
</testcase>
<testcase name="UC-30 to UC-31: Collaboration &amp; Team Management › UC-30: Collaborate on Study Design with Team Members" classname="researcher-use-cases-comprehensive.spec.js" time="2.436">
<system-out>
<![CDATA[🧪 Testing UC-30: Collaborate on Study Design with Team Members
❌ UC-30 FAILED: Login failed: {"error":"Failed to fetch"}

================================================================================
🎯 RESEARCHER USE CASES TESTING COMPLETE
================================================================================

✅ PASSED (0):

⚠️ PARTIALLY WORKING (0):

❌ FAILED (2):
   - UC-27: Login failed: {"error":"Failed to fetch"}
   - UC-30: Login failed: {"error":"Failed to fetch"}

🚧 NOT IMPLEMENTED (0):

📊 SUMMARY:
   Total Use Cases Tested: 2/32
   Success Rate: 0%
   Partial Implementation: 0%
   Implementation Gaps: 0%

📁 Screenshots saved to: testing/playwright-mcp/use-case-screenshots/
================================================================================
]]>
</system-out>
</testcase>
<testcase name="UC-32: Account &amp; Platform Management › UC-32: Manage Account Settings and Billing" classname="researcher-use-cases-comprehensive.spec.js" time="3.586">
<system-out>
<![CDATA[🧪 Testing UC-32: Manage Account Settings and Billing
❌ UC-32 FAILED: Login failed: {"error":"Failed to fetch"}

================================================================================
🎯 RESEARCHER USE CASES TESTING COMPLETE
================================================================================

✅ PASSED (0):

⚠️ PARTIALLY WORKING (0):

❌ FAILED (1):
   - UC-32: Login failed: {"error":"Failed to fetch"}

🚧 NOT IMPLEMENTED (0):

📊 SUMMARY:
   Total Use Cases Tested: 1/32
   Success Rate: 0%
   Partial Implementation: 0%
   Implementation Gaps: 0%

📁 Screenshots saved to: testing/playwright-mcp/use-case-screenshots/
================================================================================
]]>
</system-out>
</testcase>
</testsuite>
</testsuites>